This is pdfTeX, Version 3.1415926-2.5-1.40.14 (TeX Live 2013) (format=pdflatex 2013.5.30)  10 SEP 2015 13:13
entering extended mode
 \write18 enabled.
 file:line:error style messages enabled.
 %&-line parsing enabled.
**Thesis_NIwanski.tex
(./Thesis_NIwanski.tex
LaTeX2e <2011/06/27>
Babel <3.9f> and hyphenation patterns for 78 languages loaded.
(./sfuthesis.cls
Document Class: sfuthesis 2015/05/01 v2.0.0 SFU Thesis/Dissertation Template
(/usr/local/texlive/2013/texmf-dist/tex/latex/etoolbox/etoolbox.sty
Package: etoolbox 2011/01/03 v2.1 e-TeX tools for LaTeX

(/usr/local/texlive/2013/texmf-dist/tex/latex/etex-pkg/etex.sty
Package: etex 1998/03/26 v2.0 eTeX basic definition package (PEB)
\et@xins=\count79
)
\etb@tempcnta=\count80
)
(/usr/local/texlive/2013/texmf-dist/tex/latex/base/book.cls
Document Class: book 2007/10/19 v1.4h Standard LaTeX document class
(/usr/local/texlive/2013/texmf-dist/tex/latex/base/bk11.clo
File: bk11.clo 2007/10/19 v1.4h Standard LaTeX file (size option)
)
\c@part=\count81
\c@chapter=\count82
\c@section=\count83
\c@subsection=\count84
\c@subsubsection=\count85
\c@paragraph=\count86
\c@subparagraph=\count87
\c@figure=\count88
\c@table=\count89
\abovecaptionskip=\skip41
\belowcaptionskip=\skip42
\bibindent=\dimen102
)
(/usr/local/texlive/2013/texmf-dist/tex/latex/lm/lmodern.sty
Package: lmodern 2009/10/30 v1.6 Latin Modern Fonts
LaTeX Font Info:    Overwriting symbol font `operators' in version `normal'
(Font)                  OT1/cmr/m/n --> OT1/lmr/m/n on input line 22.
LaTeX Font Info:    Overwriting symbol font `letters' in version `normal'
(Font)                  OML/cmm/m/it --> OML/lmm/m/it on input line 23.
LaTeX Font Info:    Overwriting symbol font `symbols' in version `normal'
(Font)                  OMS/cmsy/m/n --> OMS/lmsy/m/n on input line 24.
LaTeX Font Info:    Overwriting symbol font `largesymbols' in version `normal'
(Font)                  OMX/cmex/m/n --> OMX/lmex/m/n on input line 25.
LaTeX Font Info:    Overwriting symbol font `operators' in version `bold'
(Font)                  OT1/cmr/bx/n --> OT1/lmr/bx/n on input line 26.
LaTeX Font Info:    Overwriting symbol font `letters' in version `bold'
(Font)                  OML/cmm/b/it --> OML/lmm/b/it on input line 27.
LaTeX Font Info:    Overwriting symbol font `symbols' in version `bold'
(Font)                  OMS/cmsy/b/n --> OMS/lmsy/b/n on input line 28.
LaTeX Font Info:    Overwriting symbol font `largesymbols' in version `bold'
(Font)                  OMX/cmex/m/n --> OMX/lmex/m/n on input line 29.
LaTeX Font Info:    Overwriting math alphabet `\mathbf' in version `normal'
(Font)                  OT1/cmr/bx/n --> OT1/lmr/bx/n on input line 31.
LaTeX Font Info:    Overwriting math alphabet `\mathsf' in version `normal'
(Font)                  OT1/cmss/m/n --> OT1/lmss/m/n on input line 32.
LaTeX Font Info:    Overwriting math alphabet `\mathit' in version `normal'
(Font)                  OT1/cmr/m/it --> OT1/lmr/m/it on input line 33.
LaTeX Font Info:    Overwriting math alphabet `\mathtt' in version `normal'
(Font)                  OT1/cmtt/m/n --> OT1/lmtt/m/n on input line 34.
LaTeX Font Info:    Overwriting math alphabet `\mathbf' in version `bold'
(Font)                  OT1/cmr/bx/n --> OT1/lmr/bx/n on input line 35.
LaTeX Font Info:    Overwriting math alphabet `\mathsf' in version `bold'
(Font)                  OT1/cmss/bx/n --> OT1/lmss/bx/n on input line 36.
LaTeX Font Info:    Overwriting math alphabet `\mathit' in version `bold'
(Font)                  OT1/cmr/bx/it --> OT1/lmr/bx/it on input line 37.
LaTeX Font Info:    Overwriting math alphabet `\mathtt' in version `bold'
(Font)                  OT1/cmtt/m/n --> OT1/lmtt/m/n on input line 38.
)
(/usr/local/texlive/2013/texmf-dist/tex/latex/base/fontenc.sty
Package: fontenc 2005/09/27 v1.99g Standard LaTeX package

(/usr/local/texlive/2013/texmf-dist/tex/latex/base/t1enc.def
File: t1enc.def 2005/09/27 v1.99g Standard LaTeX file
LaTeX Font Info:    Redeclaring font encoding T1 on input line 43.
))
(/usr/local/texlive/2013/texmf-dist/tex/latex/geometry/geometry.sty
Package: geometry 2010/09/12 v5.6 Page Geometry

(/usr/local/texlive/2013/texmf-dist/tex/latex/graphics/keyval.sty
Package: keyval 1999/03/16 v1.13 key=value parser (DPC)
\KV@toks@=\toks14
)
(/usr/local/texlive/2013/texmf-dist/tex/generic/oberdiek/ifpdf.sty
Package: ifpdf 2011/01/30 v2.3 Provides the ifpdf switch (HO)
Package ifpdf Info: pdfTeX in PDF mode is detected.
)
(/usr/local/texlive/2013/texmf-dist/tex/generic/oberdiek/ifvtex.sty
Package: ifvtex 2010/03/01 v1.5 Detect VTeX and its facilities (HO)
Package ifvtex Info: VTeX not detected.
)
(/usr/local/texlive/2013/texmf-dist/tex/generic/ifxetex/ifxetex.sty
Package: ifxetex 2010/09/12 v0.6 Provides ifxetex conditional
)
\Gm@cnth=\count90
\Gm@cntv=\count91
\c@Gm@tempcnt=\count92
\Gm@bindingoffset=\dimen103
\Gm@wd@mp=\dimen104
\Gm@odd@mp=\dimen105
\Gm@even@mp=\dimen106
\Gm@layoutwidth=\dimen107
\Gm@layoutheight=\dimen108
\Gm@layouthoffset=\dimen109
\Gm@layoutvoffset=\dimen110
\Gm@dimlist=\toks15
)
*geometry* verbose mode - [ newgeometry ] result:
* driver: 
* paper: <default>
* layout: <same size as paper>
* layoutoffset:(h,v)=(0.0pt,0.0pt)
* modes: includefoot 
* h-part:(L,W,R)=(90.3375pt, 433.62001pt, 90.3375pt)
* v-part:(T,H,B)=(72.26999pt, 672.11122pt, 50.58878pt)
* \paperwidth=614.295pt
* \paperheight=794.96999pt
* \textwidth=433.62001pt
* \textheight=644.64827pt
* \oddsidemargin=18.0675pt
* \evensidemargin=18.0675pt
* \topmargin=-31.8738pt
* \headheight=12.0pt
* \headsep=19.8738pt
* \topskip=11.0pt
* \footskip=27.46295pt
* \marginparwidth=62.0pt
* \marginparsep=7.0pt
* \columnsep=10.0pt
* \skip\footins=10.0pt plus 4.0pt minus 2.0pt
* \hoffset=0.0pt
* \voffset=0.0pt
* \mag=1000
* \@twocolumnfalse
* \@twosidefalse
* \@mparswitchfalse
* \@reversemarginfalse
* (1in=72.27pt=25.4mm, 1cm=28.453pt)


(/usr/local/texlive/2013/texmf-dist/tex/latex/setspace/setspace.sty
Package: setspace 2011/12/19 v6.7a set line spacing
)
(/usr/local/texlive/2013/texmf-dist/tex/latex/nowidow/nowidow.sty
Package: nowidow 2011/09/20 1.0 Easily prevent widows and orphans
Package: nowidow 

(/usr/local/texlive/2013/texmf-dist/tex/latex/oberdiek/kvoptions.sty
Package: kvoptions 2011/06/30 v3.11 Key value format for package options (HO)

(/usr/local/texlive/2013/texmf-dist/tex/generic/oberdiek/ltxcmds.sty
Package: ltxcmds 2011/11/09 v1.22 LaTeX kernel commands for general use (HO)
)
(/usr/local/texlive/2013/texmf-dist/tex/generic/oberdiek/kvsetkeys.sty
Package: kvsetkeys 2012/04/25 v1.16 Key value parser (HO)

(/usr/local/texlive/2013/texmf-dist/tex/generic/oberdiek/infwarerr.sty
Package: infwarerr 2010/04/08 v1.3 Providing info/warning/error messages (HO)
)
(/usr/local/texlive/2013/texmf-dist/tex/generic/oberdiek/etexcmds.sty
Package: etexcmds 2011/02/16 v1.5 Avoid name clashes with e-TeX commands (HO)

(/usr/local/texlive/2013/texmf-dist/tex/generic/oberdiek/ifluatex.sty
Package: ifluatex 2010/03/01 v1.3 Provides the ifluatex switch (HO)
Package ifluatex Info: LuaTeX not detected.
)
Package etexcmds Info: Could not find \expanded.
(etexcmds)             That can mean that you are not using pdfTeX 1.50 or
(etexcmds)             that some package has redefined \expanded.
(etexcmds)             In the latter case, load this package earlier.
))))
(/usr/local/texlive/2013/texmf-dist/tex/latex/tocloft/tocloft.sty
Package: tocloft 2013/05/02 v2.3f parameterised ToC, etc., typesetting
Package tocloft Info: The document has chapter divisions on input line 44.
\cftparskip=\skip43
\cftbeforetoctitleskip=\skip44
\cftaftertoctitleskip=\skip45
\cftbeforepartskip=\skip46
\cftpartnumwidth=\skip47
\cftpartindent=\skip48
\cftbeforechapskip=\skip49
\cftchapindent=\skip50
\cftchapnumwidth=\skip51
\cftbeforesecskip=\skip52
\cftsecindent=\skip53
\cftsecnumwidth=\skip54
\cftbeforesubsecskip=\skip55
\cftsubsecindent=\skip56
\cftsubsecnumwidth=\skip57
\cftbeforesubsubsecskip=\skip58
\cftsubsubsecindent=\skip59
\cftsubsubsecnumwidth=\skip60
\cftbeforeparaskip=\skip61
\cftparaindent=\skip62
\cftparanumwidth=\skip63
\cftbeforesubparaskip=\skip64
\cftsubparaindent=\skip65
\cftsubparanumwidth=\skip66
\cftbeforeloftitleskip=\skip67
\cftafterloftitleskip=\skip68
\cftbeforefigskip=\skip69
\cftfigindent=\skip70
\cftfignumwidth=\skip71
\c@lofdepth=\count93
\c@lotdepth=\count94
\cftbeforelottitleskip=\skip72
\cftafterlottitleskip=\skip73
\cftbeforetabskip=\skip74
\cfttabindent=\skip75
\cfttabnumwidth=\skip76
)
(/usr/local/texlive/2013/texmf-dist/tex/latex/appendix/appendix.sty
Package: appendix 2009/09/02 v1.2b extra appendix facilities
\c@@pps=\count95
\c@@ppsavesec=\count96
\c@@ppsaveapp=\count97
))
(/usr/local/texlive/2013/texmf-dist/tex/latex/amsmath/amsmath.sty
Package: amsmath 2013/01/14 v2.14 AMS math features
\@mathmargin=\skip77

For additional information on amsmath, use the `?' option.
(/usr/local/texlive/2013/texmf-dist/tex/latex/amsmath/amstext.sty
Package: amstext 2000/06/29 v2.01

(/usr/local/texlive/2013/texmf-dist/tex/latex/amsmath/amsgen.sty
File: amsgen.sty 1999/11/30 v2.0
\@emptytoks=\toks16
\ex@=\dimen111
))
(/usr/local/texlive/2013/texmf-dist/tex/latex/amsmath/amsbsy.sty
Package: amsbsy 1999/11/29 v1.2d
\pmbraise@=\dimen112
)
(/usr/local/texlive/2013/texmf-dist/tex/latex/amsmath/amsopn.sty
Package: amsopn 1999/12/14 v2.01 operator names
)
\inf@bad=\count98
LaTeX Info: Redefining \frac on input line 210.
\uproot@=\count99
\leftroot@=\count100
LaTeX Info: Redefining \overline on input line 306.
\classnum@=\count101
\DOTSCASE@=\count102
LaTeX Info: Redefining \ldots on input line 378.
LaTeX Info: Redefining \dots on input line 381.
LaTeX Info: Redefining \cdots on input line 466.
\Mathstrutbox@=\box26
\strutbox@=\box27
\big@size=\dimen113
LaTeX Font Info:    Redeclaring font encoding OML on input line 566.
LaTeX Font Info:    Redeclaring font encoding OMS on input line 567.
\macc@depth=\count103
\c@MaxMatrixCols=\count104
\dotsspace@=\muskip10
\c@parentequation=\count105
\dspbrk@lvl=\count106
\tag@help=\toks17
\row@=\count107
\column@=\count108
\maxfields@=\count109
\andhelp@=\toks18
\eqnshift@=\dimen114
\alignsep@=\dimen115
\tagshift@=\dimen116
\tagwidth@=\dimen117
\totwidth@=\dimen118
\lineht@=\dimen119
\@envbody=\toks19
\multlinegap=\skip78
\multlinetaggap=\skip79
\mathdisplay@stack=\toks20
LaTeX Info: Redefining \[ on input line 2665.
LaTeX Info: Redefining \] on input line 2666.
)
(/usr/local/texlive/2013/texmf-dist/tex/latex/amsfonts/amssymb.sty
Package: amssymb 2013/01/14 v3.01 AMS font symbols

(/usr/local/texlive/2013/texmf-dist/tex/latex/amsfonts/amsfonts.sty
Package: amsfonts 2013/01/14 v3.01 Basic AMSFonts support
\symAMSa=\mathgroup4
\symAMSb=\mathgroup5
LaTeX Font Info:    Overwriting math alphabet `\mathfrak' in version `bold'
(Font)                  U/euf/m/n --> U/euf/b/n on input line 106.
))
(/usr/local/texlive/2013/texmf-dist/tex/latex/amscls/amsthm.sty
Package: amsthm 2004/08/06 v2.20
\thm@style=\toks21
\thm@bodyfont=\toks22
\thm@headfont=\toks23
\thm@notefont=\toks24
\thm@headpunct=\toks25
\thm@preskip=\skip80
\thm@postskip=\skip81
\thm@headsep=\skip82
\dth@everypar=\toks26
)
(/usr/local/texlive/2013/texmf-dist/tex/latex/hyperref/hyperref.sty
Package: hyperref 2012/11/06 v6.83m Hypertext links for LaTeX

(/usr/local/texlive/2013/texmf-dist/tex/generic/oberdiek/hobsub-hyperref.sty
Package: hobsub-hyperref 2012/05/28 v1.13 Bundle oberdiek, subset hyperref (HO)


(/usr/local/texlive/2013/texmf-dist/tex/generic/oberdiek/hobsub-generic.sty
Package: hobsub-generic 2012/05/28 v1.13 Bundle oberdiek, subset generic (HO)
Package: hobsub 2012/05/28 v1.13 Construct package bundles (HO)
Package hobsub Info: Skipping package `infwarerr' (already loaded).
Package hobsub Info: Skipping package `ltxcmds' (already loaded).
Package hobsub Info: Skipping package `ifluatex' (already loaded).
Package hobsub Info: Skipping package `ifvtex' (already loaded).
Package: intcalc 2007/09/27 v1.1 Expandable calculations with integers (HO)
Package hobsub Info: Skipping package `ifpdf' (already loaded).
Package hobsub Info: Skipping package `etexcmds' (already loaded).
Package hobsub Info: Skipping package `kvsetkeys' (already loaded).
Package: kvdefinekeys 2011/04/07 v1.3 Define keys (HO)
Package: pdftexcmds 2011/11/29 v0.20 Utility functions of pdfTeX for LuaTeX (HO
)
Package pdftexcmds Info: LuaTeX not detected.
Package pdftexcmds Info: \pdf@primitive is available.
Package pdftexcmds Info: \pdf@ifprimitive is available.
Package pdftexcmds Info: \pdfdraftmode found.
Package: pdfescape 2011/11/25 v1.13 Implements pdfTeX's escape features (HO)
Package: bigintcalc 2012/04/08 v1.3 Expandable calculations on big integers (HO
)
Package: bitset 2011/01/30 v1.1 Handle bit-vector datatype (HO)
Package: uniquecounter 2011/01/30 v1.2 Provide unlimited unique counter (HO)
)
Package hobsub Info: Skipping package `hobsub' (already loaded).
Package: letltxmacro 2010/09/02 v1.4 Let assignment for LaTeX macros (HO)
Package: hopatch 2012/05/28 v1.2 Wrapper for package hooks (HO)
Package: xcolor-patch 2011/01/30 xcolor patch
Package: atveryend 2011/06/30 v1.8 Hooks at the very end of document (HO)
Package: atbegshi 2011/10/05 v1.16 At begin shipout hook (HO)
Package: refcount 2011/10/16 v3.4 Data extraction from label references (HO)
Package: hycolor 2011/01/30 v1.7 Color options for hyperref/bookmark (HO)
)
(/usr/local/texlive/2013/texmf-dist/tex/latex/oberdiek/auxhook.sty
Package: auxhook 2011/03/04 v1.3 Hooks for auxiliary files (HO)
)
\@linkdim=\dimen120
\Hy@linkcounter=\count110
\Hy@pagecounter=\count111

(/usr/local/texlive/2013/texmf-dist/tex/latex/hyperref/pd1enc.def
File: pd1enc.def 2012/11/06 v6.83m Hyperref: PDFDocEncoding definition (HO)
)
\Hy@SavedSpaceFactor=\count112

(/usr/local/texlive/2013/texmf-dist/tex/latex/latexconfig/hyperref.cfg
File: hyperref.cfg 2002/06/06 v1.2 hyperref configuration of TeXLive
)
Package hyperref Info: Hyper figures OFF on input line 4443.
Package hyperref Info: Link nesting OFF on input line 4448.
Package hyperref Info: Hyper index ON on input line 4451.
Package hyperref Info: Plain pages OFF on input line 4458.
Package hyperref Info: Backreferencing OFF on input line 4463.
Package hyperref Info: Implicit mode ON; LaTeX internals redefined.
Package hyperref Info: Bookmarks ON on input line 4688.
\c@Hy@tempcnt=\count113

(/usr/local/texlive/2013/texmf-dist/tex/latex/url/url.sty
\Urlmuskip=\muskip11
Package: url 2006/04/12  ver 3.3  Verb mode for urls, etc.
)
LaTeX Info: Redefining \url on input line 5041.
\XeTeXLinkMargin=\dimen121
\Fld@menulength=\count114
\Field@Width=\dimen122
\Fld@charsize=\dimen123
Package hyperref Info: Hyper figures OFF on input line 6295.
Package hyperref Info: Link nesting OFF on input line 6300.
Package hyperref Info: Hyper index ON on input line 6303.
Package hyperref Info: backreferencing OFF on input line 6310.
Package hyperref Info: Link coloring OFF on input line 6315.
Package hyperref Info: Link coloring with OCG OFF on input line 6320.
Package hyperref Info: PDF/A mode OFF on input line 6325.
LaTeX Info: Redefining \ref on input line 6365.
LaTeX Info: Redefining \pageref on input line 6369.
\Hy@abspage=\count115
\c@Item=\count116
\c@Hfootnote=\count117
)

Package hyperref Message: Driver (autodetected): hpdftex.

(/usr/local/texlive/2013/texmf-dist/tex/latex/hyperref/hpdftex.def
File: hpdftex.def 2012/11/06 v6.83m Hyperref driver for pdfTeX
\Fld@listcount=\count118
\c@bookmark@seq@number=\count119

(/usr/local/texlive/2013/texmf-dist/tex/latex/oberdiek/rerunfilecheck.sty
Package: rerunfilecheck 2011/04/15 v1.7 Rerun checks for auxiliary files (HO)
Package uniquecounter Info: New unique counter `rerunfilecheck' on input line 2
82.
)
\Hy@SectionHShift=\skip83
)
(/usr/local/texlive/2013/texmf-dist/tex/latex/graphics/graphicx.sty
Package: graphicx 1999/02/16 v1.0f Enhanced LaTeX Graphics (DPC,SPQR)

(/usr/local/texlive/2013/texmf-dist/tex/latex/graphics/graphics.sty
Package: graphics 2009/02/05 v1.0o Standard LaTeX Graphics (DPC,SPQR)

(/usr/local/texlive/2013/texmf-dist/tex/latex/graphics/trig.sty
Package: trig 1999/03/16 v1.09 sin cos tan (DPC)
)
(/usr/local/texlive/2013/texmf-dist/tex/latex/latexconfig/graphics.cfg
File: graphics.cfg 2010/04/23 v1.9 graphics configuration of TeX Live
)
Package graphics Info: Driver file: pdftex.def on input line 91.

(/usr/local/texlive/2013/texmf-dist/tex/latex/pdftex-def/pdftex.def
File: pdftex.def 2011/05/27 v0.06d Graphics/color for pdfTeX
\Gread@gobject=\count120
))
\Gin@req@height=\dimen124
\Gin@req@width=\dimen125
)
(/usr/local/texlive/2013/texmf-dist/tex/latex/caption/caption.sty
Package: caption 2013/05/02 v3.3-89 Customizing captions (AR)

(/usr/local/texlive/2013/texmf-dist/tex/latex/caption/caption3.sty
Package: caption3 2013/05/02 v1.6-88 caption3 kernel (AR)
Package caption3 Info: TeX engine: e-TeX on input line 57.
\captionmargin=\dimen126
\captionmargin@=\dimen127
\captionwidth=\dimen128
\caption@tempdima=\dimen129
\caption@indent=\dimen130
\caption@parindent=\dimen131
\caption@hangindent=\dimen132
)
\c@ContinuedFloat=\count121
Package caption Info: hyperref package is loaded.
)
(/usr/local/texlive/2013/texmf-dist/tex/latex/tools/bm.sty
Package: bm 2004/02/26 v1.1c Bold Symbol Support (DPC/FMi)
\symboldoperators=\mathgroup6
\symboldletters=\mathgroup7
\symboldsymbols=\mathgroup8
LaTeX Font Info:    Redeclaring math alphabet \mathbf on input line 138.
LaTeX Info: Redefining \bm on input line 204.
)
(/usr/local/texlive/2013/texmf-dist/tex/latex/was/upgreek.sty
Package: upgreek 2003/02/12 v2.0 (WaS)
Package upgreek Info: Using Euler Roman for upright Greek on input line 31.
\symugrf@m=\mathgroup9
LaTeX Font Info:    Overwriting symbol font `ugrf@m' in version `bold'
(Font)                  U/eur/m/n --> U/eur/b/n on input line 38.
)
(/usr/local/texlive/2013/texmf-dist/tex/latex/mh/empheq.sty
Package: empheq 2013/02/12 v2.13 Emphasizing equations

(/usr/local/texlive/2013/texmf-dist/tex/latex/mh/mhsetup.sty
Package: mhsetup 2010/01/21 v1.2a programming setup (MH)
)
(/usr/local/texlive/2013/texmf-dist/tex/latex/mh/mathtools.sty
Package: mathtools 2013/02/12 v1.13 mathematical typesetting tools

(/usr/local/texlive/2013/texmf-dist/tex/latex/tools/calc.sty
Package: calc 2007/08/22 v4.3 Infix arithmetic (KKT,FJ)
\calc@Acount=\count122
\calc@Bcount=\count123
\calc@Adimen=\dimen133
\calc@Bdimen=\dimen134
\calc@Askip=\skip84
\calc@Bskip=\skip85
LaTeX Info: Redefining \setlength on input line 76.
LaTeX Info: Redefining \addtolength on input line 77.
\calc@Ccount=\count124
\calc@Cskip=\skip86
)
LaTeX Info: Thecontrolsequence`\['isalreadyrobust on input line 129.
LaTeX Info: Thecontrolsequence`\]'isalreadyrobust on input line 129.
\g_MT_multlinerow_int=\count125
\l_MT_multwidth_dim=\dimen135
\origjot=\skip87
\l_MT_shortvdotswithinadjustabove_dim=\dimen136
\l_MT_shortvdotswithinadjustbelow_dim=\dimen137
\l_MT_above_intertext_sep=\dimen138
\l_MT_below_intertext_sep=\dimen139
\l_MT_above_shortintertext_sep=\dimen140
\l_MT_below_shortintertext_sep=\dimen141
)
\l_EQ_equationtype_int=\count126
\l_EQ_alignmentmode_int=\count127
\l_EQ_totalwidth_dim=\dimen142
\l_EQ_displaywidth_dim=\dimen143
\l_EQ_temp_linewidth_dim=\dimen144
\EmphEqdelimitershortfall=\dimen145
\EmphEqdelimiterfactor=\count128
\g_EQ_toptag_height_dim=\dimen146
\g_EQ_bottomtag_depth_dim=\dimen147
\g_EQ_toprow_height_dim=\dimen148
\g_EQ_bottomrow_depth_dim=\dimen149
\g_EQ_widesttag_dim=\dimen150
\EQ_mathdisplay_box=\box28
\EQ_tag_box=\box29
\g_EQ_temprow_int=\count129
)
(/usr/local/texlive/2013/texmf-dist/tex/latex/caption/subcaption.sty
Package: subcaption 2013/02/03 v1.1-62 Sub-captions (AR)
\c@subfigure=\count130
\c@subtable=\count131
)
(/usr/local/texlive/2013/texmf-dist/tex/latex/float/float.sty
Package: float 2001/11/08 v1.3d Float enhancements (AL)
\c@float@type=\count132
\float@exts=\toks27
\float@box=\box30
\@float@everytoks=\toks28
\@floatcapt=\box31
)
\c@qcounter=\count133

(/usr/local/texlive/2013/texmf-dist/tex/latex/enumitem/enumitem.sty
Package: enumitem 2011/09/28 v3.5.2 Customized lists
\labelindent=\skip88
\enit@outerparindent=\dimen151
\enit@toks=\toks29
\enit@inbox=\box32
\enitdp@description=\count134
)
\c@theorem=\count135

(/usr/local/texlive/2013/texmf-dist/tex/latex/tools/tabularx.sty
Package: tabularx 1999/01/07 v2.07 `tabularx' package (DPC)

(/usr/local/texlive/2013/texmf-dist/tex/latex/tools/array.sty
Package: array 2008/09/09 v2.4c Tabular extension package (FMi)
\col@sep=\dimen152
\extrarowheight=\dimen153
\NC@list=\toks30
\extratabsurround=\skip89
\backup@length=\skip90
)
\TX@col@width=\dimen154
\TX@old@table=\dimen155
\TX@old@col=\dimen156
\TX@target=\dimen157
\TX@delta=\dimen158
\TX@cols=\count136
\TX@ftn=\toks31
)
(/usr/local/texlive/2013/texmf-dist/tex/latex/lipsum/lipsum.sty
Package: lipsum 2011/04/14 v1.2 150 paragraphs of Lorem Ipsum dummy text
\c@lips@count=\count137
)
(/usr/local/texlive/2013/texmf-dist/tex/latex/csquotes/csquotes.sty
Package: csquotes 2011/10/22 v5.1d context-sensitive quotations
\csq@reset=\count138
\csq@gtype=\count139
\csq@glevel=\count140
\csq@qlevel=\count141
\csq@maxlvl=\count142
\csq@tshold=\count143
\csq@ltx@everypar=\toks32

(/usr/local/texlive/2013/texmf-dist/tex/latex/csquotes/csquotes.def
File: csquotes.def 2011/10/22 v5.1d csquotes generic definitions
)
Package csquotes Info: Trying to load configuration file 'csquotes.cfg'...
Package csquotes Info: ... configuration file loaded successfully.

(/usr/local/texlive/2013/texmf-dist/tex/latex/csquotes/csquotes.cfg
File: csquotes.cfg 
))
Package csquotes Info: Checking for multilingual support...
Package csquotes Info: ... none found.

(./Thesis_NIwanski.aux)
\openout1 = `Thesis_NIwanski.aux'.

LaTeX Font Info:    Checking defaults for OML/cmm/m/it on input line 81.
LaTeX Font Info:    ... okay on input line 81.
LaTeX Font Info:    Checking defaults for T1/cmr/m/n on input line 81.
LaTeX Font Info:    ... okay on input line 81.
LaTeX Font Info:    Checking defaults for OT1/cmr/m/n on input line 81.
LaTeX Font Info:    ... okay on input line 81.
LaTeX Font Info:    Checking defaults for OMS/cmsy/m/n on input line 81.
LaTeX Font Info:    ... okay on input line 81.
LaTeX Font Info:    Checking defaults for OMX/cmex/m/n on input line 81.
LaTeX Font Info:    ... okay on input line 81.
LaTeX Font Info:    Checking defaults for U/cmr/m/n on input line 81.
LaTeX Font Info:    ... okay on input line 81.
LaTeX Font Info:    Checking defaults for PD1/pdf/m/n on input line 81.
LaTeX Font Info:    ... okay on input line 81.
LaTeX Font Info:    Try loading font information for T1+lmr on input line 81.

(/usr/local/texlive/2013/texmf-dist/tex/latex/lm/t1lmr.fd
File: t1lmr.fd 2009/10/30 v1.6 Font defs for Latin Modern
)
*geometry* driver: auto-detecting
*geometry* detected driver: pdftex
*geometry* verbose mode - [ preamble ] result:
* driver: pdftex
* paper: <default>
* layout: <same size as paper>
* layoutoffset:(h,v)=(0.0pt,0.0pt)
* modes: includefoot 
* h-part:(L,W,R)=(90.3375pt, 433.62001pt, 90.3375pt)
* v-part:(T,H,B)=(72.26999pt, 672.11122pt, 50.58878pt)
* \paperwidth=614.295pt
* \paperheight=794.96999pt
* \textwidth=433.62001pt
* \textheight=644.64827pt
* \oddsidemargin=18.0675pt
* \evensidemargin=18.0675pt
* \topmargin=-31.8738pt
* \headheight=12.0pt
* \headsep=19.8738pt
* \topskip=11.0pt
* \footskip=27.46295pt
* \marginparwidth=62.0pt
* \marginparsep=7.0pt
* \columnsep=10.0pt
* \skip\footins=10.0pt plus 4.0pt minus 2.0pt
* \hoffset=0.0pt
* \voffset=0.0pt
* \mag=1000
* \@twocolumnfalse
* \@twosidefalse
* \@mparswitchfalse
* \@reversemarginfalse
* (1in=72.27pt=25.4mm, 1cm=28.453pt)

\AtBeginShipoutBox=\box33
Package hyperref Info: Link coloring OFF on input line 81.
(/usr/local/texlive/2013/texmf-dist/tex/latex/hyperref/nameref.sty
Package: nameref 2012/10/27 v2.43 Cross-referencing by name of section

(/usr/local/texlive/2013/texmf-dist/tex/generic/oberdiek/gettitlestring.sty
Package: gettitlestring 2010/12/03 v1.4 Cleanup title references (HO)
)
\c@section@level=\count144
)
LaTeX Info: Redefining \ref on input line 81.
LaTeX Info: Redefining \pageref on input line 81.
LaTeX Info: Redefining \nameref on input line 81.

(./Thesis_NIwanski.out) (./Thesis_NIwanski.out)
\@outlinefile=\write3
\openout3 = `Thesis_NIwanski.out'.


(/usr/local/texlive/2013/texmf-dist/tex/context/base/supp-pdf.mkii
[Loading MPS to PDF converter (version 2006.09.02).]
\scratchcounter=\count145
\scratchdimen=\dimen159
\scratchbox=\box34
\nofMPsegments=\count146
\nofMParguments=\count147
\everyMPshowfont=\toks33
\MPscratchCnt=\count148
\MPscratchDim=\dimen160
\MPnumerator=\count149
\makeMPintoPDFobject=\count150
\everyMPtoPDFconversion=\toks34
) (/usr/local/texlive/2013/texmf-dist/tex/latex/oberdiek/epstopdf-base.sty
Package: epstopdf-base 2010/02/09 v2.5 Base part for package epstopdf

(/usr/local/texlive/2013/texmf-dist/tex/latex/oberdiek/grfext.sty
Package: grfext 2010/08/19 v1.1 Manage graphics extensions (HO)
)
Package grfext Info: Graphics extension search list:
(grfext)             [.png,.pdf,.jpg,.mps,.jpeg,.jbig2,.jb2,.PNG,.PDF,.JPG,.JPE
G,.JBIG2,.JB2,.eps]
(grfext)             \AppendGraphicsExtensions on input line 452.

(/usr/local/texlive/2013/texmf-dist/tex/latex/latexconfig/epstopdf-sys.cfg
File: epstopdf-sys.cfg 2010/07/13 v1.3 Configuration of (r)epstopdf for TeX Liv
e
))
Package caption Info: Begin \AtBeginDocument code.
Package caption Info: float package is loaded.
Package caption Info: End \AtBeginDocument code.
LaTeX Font Info:    Try loading font information for OMS+lmr on input line 84.

(/usr/local/texlive/2013/texmf-dist/tex/latex/lm/omslmr.fd
File: omslmr.fd 2009/10/30 v1.6 Font defs for Latin Modern
)
LaTeX Font Info:    Try loading font information for OMS+lmsy on input line 84.


(/usr/local/texlive/2013/texmf-dist/tex/latex/lm/omslmsy.fd
File: omslmsy.fd 2009/10/30 v1.6 Font defs for Latin Modern
)
LaTeX Font Info:    Font shape `OMS/lmr/bx/n' in size <10.95> not available
(Font)              Font shape `OMS/lmsy/b/n' tried instead on input line 84.
LaTeX Font Info:    Try loading font information for OT1+lmr on input line 84.

(/usr/local/texlive/2013/texmf-dist/tex/latex/lm/ot1lmr.fd
File: ot1lmr.fd 2009/10/30 v1.6 Font defs for Latin Modern
)
LaTeX Font Info:    Try loading font information for OML+lmm on input line 84.

(/usr/local/texlive/2013/texmf-dist/tex/latex/lm/omllmm.fd
File: omllmm.fd 2009/10/30 v1.6 Font defs for Latin Modern
)
LaTeX Font Info:    Try loading font information for OMX+lmex on input line 84.


(/usr/local/texlive/2013/texmf-dist/tex/latex/lm/omxlmex.fd
File: omxlmex.fd 2009/10/30 v1.6 Font defs for Latin Modern
)
LaTeX Font Info:    External font `lmex10' loaded for size
(Font)              <10.95> on input line 84.
LaTeX Font Info:    External font `lmex10' loaded for size
(Font)              <8> on input line 84.
LaTeX Font Info:    External font `lmex10' loaded for size
(Font)              <6> on input line 84.
LaTeX Font Info:    Try loading font information for U+msa on input line 84.

(/usr/local/texlive/2013/texmf-dist/tex/latex/amsfonts/umsa.fd
File: umsa.fd 2013/01/14 v3.01 AMS symbols A
)
LaTeX Font Info:    Try loading font information for U+msb on input line 84.

(/usr/local/texlive/2013/texmf-dist/tex/latex/amsfonts/umsb.fd
File: umsb.fd 2013/01/14 v3.01 AMS symbols B
) [1




{/usr/local/texlive/2013/texmf-var/fonts/map/pdftex/updmap/pdftex.map}] [2

] [3

] [4

]
(./Thesis_NIwanski.toc [5])
\tf@toc=\write4
\openout4 = `Thesis_NIwanski.toc'.

 [6] (./Thesis_NIwanski.lot)
\tf@lot=\write5
\openout5 = `Thesis_NIwanski.lot'.

 [7

]
(./Thesis_NIwanski.lof [8

] [9] [10])
\tf@lof=\write6
\openout6 = `Thesis_NIwanski.lof'.

 [11]
Chapter 1.
[1


] [2] [3] [4] [5]
Chapter 2.
<SimplyConnectedDomain.pdf, id=620, 436.93861pt x 488.66513pt>
File: SimplyConnectedDomain.pdf Graphic file (type pdf)

<use SimplyConnectedDomain.pdf>
Package pdftex.def Info: SimplyConnectedDomain.pdf used on input line 171.
(pdftex.def)             Requested size: 151.76964pt x 169.73048pt.
 [6

 <./SimplyConnectedDomain.pdf>] [7] [8]
[9] [10] [11] <SimplyConnectedStereo.png, id=748, 382.42876pt x 384.93813pt>
File: SimplyConnectedStereo.png Graphic file (type png)

<use SimplyConnectedStereo.png>
Package pdftex.def Info: SimplyConnectedStereo.png used on input line 341.
(pdftex.def)             Requested size: 216.81pt x 218.23051pt.


LaTeX Warning: `h' float specifier changed to `ht'.

[12] [13 <./SimplyConnectedStereo.png (PNG copy)>] [14] [15]
Chapter 3.
[16

] [17] [18] [19] [20]
<SourcesSelfNearFar.png, id=906, 238.39063pt x 238.1397pt>
File: SourcesSelfNearFar.png Graphic file (type png)

<use SourcesSelfNearFar.png>
Package pdftex.def Info: SourcesSelfNearFar.png used on input line 504.
(pdftex.def)             Requested size: 130.08733pt x 129.95615pt.


LaTeX Warning: `h' float specifier changed to `ht'.

<A_4by4.pdf, id=911, 219.74776pt x 220.46576pt>
File: A_4by4.pdf Graphic file (type pdf)
 <use A_4by4.pdf>
Package pdftex.def Info: A_4by4.pdf used on input line 516.
(pdftex.def)             Requested size: 85.35826pt x 85.63815pt.

<A_SelfNear.pdf, id=912, 219.74777pt x 220.46565pt>
File: A_SelfNear.pdf Graphic file (type pdf)
 <use A_SelfNear.pdf>
Package pdftex.def Info: A_SelfNear.pdf used on input line 516.
(pdftex.def)             Requested size: 85.35826pt x 85.63812pt.

<A_far.pdf, id=913, 218.59164pt x 220.0523pt>
File: A_far.pdf Graphic file (type pdf)
 <use A_far.pdf>
Package pdftex.def Info: A_far.pdf used on input line 516.
(pdftex.def)             Requested size: 85.35826pt x 85.92749pt.
File: A_4by4.pdf Graphic file (type pdf)
 <use A_4by4.pdf>
Package pdftex.def Info: A_4by4.pdf used on input line 516.
(pdftex.def)             Requested size: 85.35826pt x 85.63815pt.
File: A_SelfNear.pdf Graphic file (type pdf)

<use A_SelfNear.pdf>
Package pdftex.def Info: A_SelfNear.pdf used on input line 516.
(pdftex.def)             Requested size: 85.35826pt x 85.63812pt.
File: A_far.pdf Graphic file (type pdf)
 <use A_far.pdf>
Package pdftex.def Info: A_far.pdf used on input line 516.
(pdftex.def)             Requested size: 85.35826pt x 85.92749pt.
 [21]
File: A_4by4.pdf Graphic file (type pdf)
 <use A_4by4.pdf>
Package pdftex.def Info: A_4by4.pdf used on input line 527.
(pdftex.def)             Requested size: 85.35826pt x 85.63815pt.

<A_VerOffDiag.pdf, id=920, 219.8617pt x 219.77747pt>
File: A_VerOffDiag.pdf Graphic file (type pdf)
 <use A_VerOffDiag.pdf>
Package pdftex.def Info: A_VerOffDiag.pdf used on input line 527.
(pdftex.def)             Requested size: 85.35826pt x 85.32385pt.

<A_HorOffDiag.pdf, id=921, 219.8616pt x 219.7775pt>
File: A_HorOffDiag.pdf Graphic file (type pdf)
 <use A_HorOffDiag.pdf>
Package pdftex.def Info: A_HorOffDiag.pdf used on input line 527.
(pdftex.def)             Requested size: 85.35826pt x 85.32385pt.

<A_Diag.pdf, id=922, 219.8617pt x 219.7775pt>
File: A_Diag.pdf Graphic file (type pdf)
 <use A_Diag.pdf>
Package pdftex.def Info: A_Diag.pdf used on input line 527.
(pdftex.def)             Requested size: 85.35826pt x 85.32385pt.
File: A_4by4.pdf Graphic file (type pdf)

<use A_4by4.pdf>
Package pdftex.def Info: A_4by4.pdf used on input line 527.
(pdftex.def)             Requested size: 85.35826pt x 85.63815pt.
File: A_VerOffDiag.pdf Graphic file (type pdf)
 <use A_VerOffDiag.pdf>
Package pdftex.def Info: A_VerOffDiag.pdf used on input line 527.
(pdftex.def)             Requested size: 85.35826pt x 85.32385pt.
File: A_HorOffDiag.pdf Graphic file (type pdf)
 <use A_HorOffDiag.pdf>
Package pdftex.def Info: A_HorOffDiag.pdf used on input line 527.
(pdftex.def)             Requested size: 85.35826pt x 85.32385pt.
File: A_Diag.pdf Graphic file (type pdf)

<use A_Diag.pdf>
Package pdftex.def Info: A_Diag.pdf used on input line 527.
(pdftex.def)             Requested size: 85.35826pt x 85.32385pt.
 <OffDiagExContour.png, id=924, 238.39063pt x 238.1397pt>
File: OffDiagExContour.png Graphic file (type png)

<use OffDiagExContour.png>
Package pdftex.def Info: OffDiagExContour.png used on input line 533.
(pdftex.def)             Requested size: 130.08733pt x 129.95615pt.

<OffDiagSingValues.pdf, id=925, 506.89375pt x 390.45876pt>
File: OffDiagSingValues.pdf Graphic file (type pdf)

<use OffDiagSingValues.pdf>
Package pdftex.def Info: OffDiagSingValues.pdf used on input line 541.
(pdftex.def)             Requested size: 216.81pt x 167.00626pt.
 [22 <./SourcesSelfNearFar.png (PNG copy)> <./A_4by4.pdf> <./A_SelfNear.pdf> <.
/A_far.pdf> <./A_VerOffDiag.pdf> <./A_HorOffDiag.pdf> <./A_Diag.pdf>] [23 <./Of
fDiagExContour.png (PNG copy)> <./OffDiagSingValues.pdf>] [24] [25] <SingLevelH
orBlock1.pdf, id=2209, 407.82153pt x 408.95795pt>
File: SingLevelHorBlock1.pdf Graphic file (type pdf)

<use SingLevelHorBlock1.pdf>
Package pdftex.def Info: SingLevelHorBlock1.pdf used on input line 656.
(pdftex.def)             Requested size: 130.08733pt x 130.45111pt.

<SingLevelHorSkel1.pdf, id=2210, 403.95338pt x 406.84013pt>
File: SingLevelHorSkel1.pdf Graphic file (type pdf)

<use SingLevelHorSkel1.pdf>
Package pdftex.def Info: SingLevelHorSkel1.pdf used on input line 656.
(pdftex.def)             Requested size: 130.08733pt x 131.01715pt.
File: SingLevelHorBlock1.pdf Graphic file (type pdf)
 <use SingLevelHorBlock1.pdf>
Package pdftex.def Info: SingLevelHorBlock1.pdf used on input line 656.
(pdftex.def)             Requested size: 130.08733pt x 130.45111pt.
File: SingLevelHorSkel1.pdf Graphic file (type pdf)

<use SingLevelHorSkel1.pdf>
Package pdftex.def Info: SingLevelHorSkel1.pdf used on input line 656.
(pdftex.def)             Requested size: 130.08733pt x 131.01715pt.
 [26 <./SingLevelHorBlock1.pdf> <./SingLevelHorSkel1.pdf>] <SingLevelHorBlock2.
pdf, id=2330, 405.55656pt x 407.17494pt>
File: SingLevelHorBlock2.pdf Graphic file (type pdf)

<use SingLevelHorBlock2.pdf>
Package pdftex.def Info: SingLevelHorBlock2.pdf used on input line 666.
(pdftex.def)             Requested size: 130.08733pt x 130.60307pt.

<SingLevelHorSkel2.pdf, id=2331, 405.55675pt x 405.8768pt>
File: SingLevelHorSkel2.pdf Graphic file (type pdf)

<use SingLevelHorSkel2.pdf>
Package pdftex.def Info: SingLevelHorSkel2.pdf used on input line 666.
(pdftex.def)             Requested size: 130.08733pt x 130.18669pt.
File: SingLevelHorBlock2.pdf Graphic file (type pdf)
 <use SingLevelHorBlock2.pdf>
Package pdftex.def Info: SingLevelHorBlock2.pdf used on input line 666.
(pdftex.def)             Requested size: 130.08733pt x 130.60307pt.
File: SingLevelHorSkel2.pdf Graphic file (type pdf)

<use SingLevelHorSkel2.pdf>
Package pdftex.def Info: SingLevelHorSkel2.pdf used on input line 666.
(pdftex.def)             Requested size: 130.08733pt x 130.18669pt.

<SingLevelVertBlock1.pdf, id=2332, 404.29091pt x 406.38737pt>
File: SingLevelVertBlock1.pdf Graphic file (type pdf)

<use SingLevelVertBlock1.pdf>
Package pdftex.def Info: SingLevelVertBlock1.pdf used on input line 679.
(pdftex.def)             Requested size: 130.08733pt x 130.75972pt.

<SingLevelVertSkel1.pdf, id=2333, 405.56058pt x 406.60289pt>
File: SingLevelVertSkel1.pdf Graphic file (type pdf)

<use SingLevelVertSkel1.pdf>
Package pdftex.def Info: SingLevelVertSkel1.pdf used on input line 679.
(pdftex.def)             Requested size: 130.08733pt x 130.41959pt.
File: SingLevelVertBlock1.pdf Graphic file (type pdf)
 <use SingLevelVertBlock1.pdf>
Package pdftex.def Info: SingLevelVertBlock1.pdf used on input line 679.
(pdftex.def)             Requested size: 130.08733pt x 130.75972pt.
File: SingLevelVertSkel1.pdf Graphic file (type pdf)

<use SingLevelVertSkel1.pdf>
Package pdftex.def Info: SingLevelVertSkel1.pdf used on input line 679.
(pdftex.def)             Requested size: 130.08733pt x 130.41959pt.
 [27 <./SingLevelHorBlock2.pdf> <./SingLevelHorSkel2.pdf> <./SingLevelVertBlock
1.pdf> <./SingLevelVertSkel1.pdf>] [28]
Underfull \hbox (badness 10000) in paragraph at lines 738--739

 []

[29] <BinaryTree.pdf, id=2582, 722.7pt x 245.99193pt>
File: BinaryTree.pdf Graphic file (type pdf)
 <use BinaryTree.pdf>
Package pdftex.def Info: BinaryTree.pdf used on input line 768.
(pdftex.def)             Requested size: 433.62001pt x 147.59627pt.
File: BinaryTree.pdf Graphic file (type pdf)

<use BinaryTree.pdf>
Package pdftex.def Info: BinaryTree.pdf used on input line 768.
(pdftex.def)             Requested size: 433.62001pt x 147.59627pt.
 <ContourRoot.png, id=2586, 238.39063pt x 238.1397pt>
File: ContourRoot.png Graphic file (type png)

<use ContourRoot.png>
Package pdftex.def Info: ContourRoot.png used on input line 778.
(pdftex.def)             Requested size: 99.73074pt x 99.62553pt.
LaTeX Font Info:    External font `lmex10' loaded for size
(Font)              <10> on input line 779.
LaTeX Font Info:    External font `lmex10' loaded for size
(Font)              <7> on input line 779.
LaTeX Font Info:    External font `lmex10' loaded for size
(Font)              <5> on input line 779.
 <ContourLevel3.png, id=2587, 238.39063pt x 238.1397pt>
File: ContourLevel3.png Graphic file (type png)

<use ContourLevel3.png>
Package pdftex.def Info: ContourLevel3.png used on input line 785.
(pdftex.def)             Requested size: 99.73074pt x 99.62553pt.
 <ContourLevel2.png, id=2588, 238.39063pt x 238.1397pt>
File: ContourLevel2.png Graphic file (type png)

<use ContourLevel2.png>
Package pdftex.def Info: ContourLevel2.png used on input line 792.
(pdftex.def)             Requested size: 99.73074pt x 99.62553pt.
 <ContourLevel1.png, id=2589, 238.39063pt x 238.1397pt>
File: ContourLevel1.png Graphic file (type png)

<use ContourLevel1.png>
Package pdftex.def Info: ContourLevel1.png used on input line 798.
(pdftex.def)             Requested size: 99.73074pt x 99.62553pt.

<BFRecLev1HorBlock8.pdf, id=2593, 415.89067pt x 405.19836pt>
File: BFRecLev1HorBlock8.pdf Graphic file (type pdf)

<use BFRecLev1HorBlock8.pdf>
Package pdftex.def Info: BFRecLev1HorBlock8.pdf used on input line 813.
(pdftex.def)             Requested size: 130.08733pt x 126.74164pt.

<BFRecLev1HorSkel8.png, id=2594, 237.88875pt x 238.1397pt>
File: BFRecLev1HorSkel8.png Graphic file (type png)

<use BFRecLev1HorSkel8.png>
Package pdftex.def Info: BFRecLev1HorSkel8.png used on input line 813.
(pdftex.def)             Requested size: 130.08733pt x 130.22868pt.
File: BFRecLev1HorBlock8.pdf Graphic file (type pdf)
 <use BFRecLev1HorBlock8.pdf>
Package pdftex.def Info: BFRecLev1HorBlock8.pdf used on input line 813.
(pdftex.def)             Requested size: 130.08733pt x 126.74164pt.
File: BFRecLev1HorSkel8.png Graphic file (type png)

<use BFRecLev1HorSkel8.png>
Package pdftex.def Info: BFRecLev1HorSkel8.png used on input line 813.
(pdftex.def)             Requested size: 130.08733pt x 130.22868pt.
 [30 <./ContourRoot.png (PNG copy)> <./ContourLevel3.png (PNG copy)> <./Contour
Level2.png (PNG copy)> <./ContourLevel1.png (PNG copy)> <./BinaryTree.pdf>]
<BFRecLev1HorSkel9.png, id=2618, 237.88875pt x 238.1397pt>
File: BFRecLev1HorSkel9.png Graphic file (type png)

<use BFRecLev1HorSkel9.png>
Package pdftex.def Info: BFRecLev1HorSkel9.png used on input line 827.
(pdftex.def)             Requested size: 104.07118pt x 104.18222pt.

<BFRecLev1HorSkel10.png, id=2619, 237.88875pt x 238.1397pt>
File: BFRecLev1HorSkel10.png Graphic file (type png)

<use BFRecLev1HorSkel10.png>
Package pdftex.def Info: BFRecLev1HorSkel10.png used on input line 833.
(pdftex.def)             Requested size: 104.07118pt x 104.18222pt.
 <dots2.pdf, id=2620, 63.88457pt x 527.97208pt>
File: dots2.pdf Graphic file (type pdf)

<use dots2.pdf>
Package pdftex.def Info: dots2.pdf used on input line 838.
(pdftex.def)             Requested size: 19.91684pt x 164.60416pt.
 <BFRecLev1HorSkelAll.png, id=2621, 237.88875pt x 238.1397pt>
File: BFRecLev1HorSkelAll.png Graphic file (type png)

<use BFRecLev1HorSkelAll.png>
Package pdftex.def Info: BFRecLev1HorSkelAll.png used on input line 843.
(pdftex.def)             Requested size: 104.07118pt x 104.18222pt.


LaTeX Warning: `h' float specifier changed to `ht'.

<BFRecLev1VerBlock8.pdf, id=2622, 404.77272pt x 414.5337pt>
File: BFRecLev1VerBlock8.pdf Graphic file (type pdf)

<use BFRecLev1VerBlock8.pdf>
Package pdftex.def Info: BFRecLev1VerBlock8.pdf used on input line 854.
(pdftex.def)             Requested size: 130.08733pt x 133.22276pt.

<BFRecLev1VerSkel8.png, id=2623, 237.88875pt x 238.1397pt>
File: BFRecLev1VerSkel8.png Graphic file (type png)

<use BFRecLev1VerSkel8.png>
Package pdftex.def Info: BFRecLev1VerSkel8.png used on input line 854.
(pdftex.def)             Requested size: 130.08733pt x 130.22868pt.
File: BFRecLev1VerBlock8.pdf Graphic file (type pdf)
 <use BFRecLev1VerBlock8.pdf>
Package pdftex.def Info: BFRecLev1VerBlock8.pdf used on input line 854.
(pdftex.def)             Requested size: 130.08733pt x 133.22276pt.
File: BFRecLev1VerSkel8.png Graphic file (type png)

<use BFRecLev1VerSkel8.png>
Package pdftex.def Info: BFRecLev1VerSkel8.png used on input line 854.
(pdftex.def)             Requested size: 130.08733pt x 130.22868pt.
 [31 <./BFRecLev1HorBlock8.pdf> <./BFRecLev1HorSkel8.png (PNG copy)>]
<BFRecLev1HorVerBlockTau.pdf, id=2638, 417.2949pt x 404.48065pt>
File: BFRecLev1HorVerBlockTau.pdf Graphic file (type pdf)

<use BFRecLev1HorVerBlockTau.pdf>
Package pdftex.def Info: BFRecLev1HorVerBlockTau.pdf used on input line 863.
(pdftex.def)             Requested size: 130.08733pt x 126.0913pt.
File: BFRecLev1HorVerBlockTau.pdf Graphic file (type pdf)
 <use BFRecLev1HorVerBlockTau.pdf>
Package pdftex.def Info: BFRecLev1HorVerBlockTau.pdf used on input line 863.
(pdftex.def)             Requested size: 130.08733pt x 126.0913pt.
 [32 <./BFRecLev1HorSkel9.png (PNG copy)> <./BFRecLev1HorSkel10.png (PNG copy)>
 <./dots2.pdf> <./BFRecLev1HorSkelAll.png (PNG copy)> <./BFRecLev1VerBlock8.pdf
> <./BFRecLev1VerSkel8.png (PNG copy)>]
<BFRecLev1A_8by8.pdf, id=2665, 151.05615pt x 146.39703pt>
File: BFRecLev1A_8by8.pdf Graphic file (type pdf)

<use BFRecLev1A_8by8.pdf>
Package pdftex.def Info: BFRecLev1A_8by8.pdf used on input line 872.
(pdftex.def)             Requested size: 85.35826pt x 82.72563pt.
 <BFRecLev1U1.pdf, id=2666, 79.26996pt x 146.39703pt>
File: BFRecLev1U1.pdf Graphic file (type pdf)

<use BFRecLev1U1.pdf>
Package pdftex.def Info: BFRecLev1U1.pdf used on input line 872.
(pdftex.def)             Requested size: 44.9554pt x 83.02274pt.
 <BFRecLev1S1.pdf, id=2667, 84.048pt x 147.0061pt>
File: BFRecLev1S1.pdf Graphic file (type pdf)

<use BFRecLev1S1.pdf>
Package pdftex.def Info: BFRecLev1S1.pdf used on input line 872.
(pdftex.def)             Requested size: 47.80042pt x 83.60591pt.
 <BFRecLev1V1.pdf, id=2668, 147.05801pt x 145.32262pt>
File: BFRecLev1V1.pdf Graphic file (type pdf)

<use BFRecLev1V1.pdf>
Package pdftex.def Info: BFRecLev1V1.pdf used on input line 872.
(pdftex.def)             Requested size: 85.35826pt x 84.35146pt.
 <BFRecLev1D1.pdf, id=2669, 151.05615pt x 146.39703pt>
File: BFRecLev1D1.pdf Graphic file (type pdf)

<use BFRecLev1D1.pdf>
Package pdftex.def Info: BFRecLev1D1.pdf used on input line 872.
(pdftex.def)             Requested size: 85.35826pt x 82.72563pt.

Overfull \hbox (16.24417pt too wide) in paragraph at lines 870--874
 [] 
 []

[33 <./BFRecLev1HorVerBlockTau.pdf> <./BFRecLev1A_8by8.pdf> <./BFRecLev1U1.pdf>
 <./BFRecLev1S1.pdf> <./BFRecLev1V1.pdf> <./BFRecLev1D1.pdf>]
<BFRecLev2HorBlock4.pdf, id=2728, 406.33768pt x 408.08502pt>
File: BFRecLev2HorBlock4.pdf Graphic file (type pdf)

<use BFRecLev2HorBlock4.pdf>
Package pdftex.def Info: BFRecLev2HorBlock4.pdf used on input line 891.
(pdftex.def)             Requested size: 104.07118pt x 104.51797pt.

<BFRecLev2Skel4.png, id=2729, 237.88875pt x 238.1397pt>
File: BFRecLev2Skel4.png Graphic file (type png)

<use BFRecLev2Skel4.png>
Package pdftex.def Info: BFRecLev2Skel4.png used on input line 891.
(pdftex.def)             Requested size: 130.08733pt x 130.22868pt.
File: BFRecLev2HorBlock4.pdf Graphic file (type pdf)
 <use BFRecLev2HorBlock4.pdf>
Package pdftex.def Info: BFRecLev2HorBlock4.pdf used on input line 891.
(pdftex.def)             Requested size: 104.07118pt x 104.51797pt.
File: BFRecLev2Skel4.png Graphic file (type png)
 <use BFRecLev2Skel4.png>
Package pdftex.def Info: BFRecLev2Skel4.png used on input line 891.
(pdftex.def)             Requested size: 130.08733pt x 130.22868pt.

<BFRecLev2Skel5.png, id=2731, 237.88875pt x 238.1397pt>
File: BFRecLev2Skel5.png Graphic file (type png)

<use BFRecLev2Skel5.png>
Package pdftex.def Info: BFRecLev2Skel5.png used on input line 897.
(pdftex.def)             Requested size: 104.07118pt x 104.18222pt.

<BFRecLev2Skel6.png, id=2732, 237.88875pt x 238.1397pt>
File: BFRecLev2Skel6.png Graphic file (type png)

<use BFRecLev2Skel6.png>
Package pdftex.def Info: BFRecLev2Skel6.png used on input line 903.
(pdftex.def)             Requested size: 104.07118pt x 104.18222pt.
File: dots2.pdf Graphic file (type pdf)
 <use dots2.pdf>
Package pdftex.def Info: dots2.pdf used on input line 908.
(pdftex.def)             Requested size: 19.91684pt x 164.60416pt.

<BFRecLev2SkelAll.png, id=2733, 237.88875pt x 238.1397pt>
File: BFRecLev2SkelAll.png Graphic file (type png)

<use BFRecLev2SkelAll.png>
Package pdftex.def Info: BFRecLev2SkelAll.png used on input line 913.
(pdftex.def)             Requested size: 104.07118pt x 104.18222pt.

Overfull \hbox (5.33981pt too wide) in paragraph at lines 891--919
\T1/lmr/m/n/10.95 As men-tioned pre-vi-ously, this is done si-mul-ta-ne-ously w
ith the off-diagonal col-umn $\OML/lmm/m/it/10.95 S[]\OT1/lmr/m/n/10.95 (\OML/l
mm/m/it/10.95 L[]; I[]\OT1/lmr/m/n/10.95 )$
 []

<BFRecLev2S1.pdf, id=2734, 82.11946pt x 80.79254pt>
File: BFRecLev2S1.pdf Graphic file (type pdf)
 <use BFRecLev2S1.pdf>
Package pdftex.def Info: BFRecLev2S1.pdf used on input line 924.
(pdftex.def)             Requested size: 47.80042pt x 47.02858pt.

<BFRecLev2U2.pdf, id=2735, 55.97202pt x 79.31763pt>
File: BFRecLev2U2.pdf Graphic file (type pdf)
 <use BFRecLev2U2.pdf>
Package pdftex.def Info: BFRecLev2U2.pdf used on input line 924.
(pdftex.def)             Requested size: 32.72049pt x 46.36975pt.

<BFRecLev2S2.pdf, id=2736, 58.50809pt x 79.49258pt>
File: BFRecLev2S2.pdf Graphic file (type pdf)
 <use BFRecLev2S2.pdf>
Package pdftex.def Info: BFRecLev2S2.pdf used on input line 924.
(pdftex.def)             Requested size: 34.14322pt x 46.38834pt.

<BFRecLev2V2.pdf, id=2737, 79.41248pt x 79.31754pt>
File: BFRecLev2V2.pdf Graphic file (type pdf)
 <use BFRecLev2V2.pdf>
Package pdftex.def Info: BFRecLev2V2.pdf used on input line 924.
(pdftex.def)             Requested size: 47.80042pt x 47.74338pt.

<BFRecLev2D2.pdf, id=2738, 81.6099pt x 79.31754pt>
File: BFRecLev2D2.pdf Graphic file (type pdf)
 <use BFRecLev2D2.pdf>
Package pdftex.def Info: BFRecLev2D2.pdf used on input line 924.
(pdftex.def)             Requested size: 47.80042pt x 46.45683pt.

[34 <./BFRecLev2HorBlock4.pdf> <./BFRecLev2Skel4.png (PNG copy)> <./BFRecLev2Sk
el5.png (PNG copy)> <./BFRecLev2Skel6.png (PNG copy)> <./BFRecLev2SkelAll.png (
PNG copy)>] <BFRecLev3Skel2.png, id=2801, 237.88875pt x 238.1397pt>
File: BFRecLev3Skel2.png Graphic file (type png)

<use BFRecLev3Skel2.png>
Package pdftex.def Info: BFRecLev3Skel2.png used on input line 936.
(pdftex.def)             Requested size: 104.07118pt x 104.18222pt.

<BFRecLev3Skel3.png, id=2802, 237.88875pt x 238.1397pt>
File: BFRecLev3Skel3.png Graphic file (type png)

<use BFRecLev3Skel3.png>
Package pdftex.def Info: BFRecLev3Skel3.png used on input line 942.
(pdftex.def)             Requested size: 104.07118pt x 104.18222pt.

<BFRecLev3SkelAll.png, id=2803, 237.88875pt x 238.1397pt>
File: BFRecLev3SkelAll.png Graphic file (type png)

<use BFRecLev3SkelAll.png>
Package pdftex.def Info: BFRecLev3SkelAll.png used on input line 948.
(pdftex.def)             Requested size: 104.07118pt x 104.18222pt.
 <BFRecLev3S2.pdf, id=2804, 58.50815pt x 56.79016pt>
File: BFRecLev3S2.pdf Graphic file (type pdf)

<use BFRecLev3S2.pdf>
Package pdftex.def Info: BFRecLev3S2.pdf used on input line 960.
(pdftex.def)             Requested size: 34.14322pt x 33.14021pt.
 <BFRecLev3U3.pdf, id=2805, 33.30121pt x 56.79016pt>
File: BFRecLev3U3.pdf Graphic file (type pdf)

<use BFRecLev3U3.pdf>
Package pdftex.def Info: BFRecLev3U3.pdf used on input line 960.
(pdftex.def)             Requested size: 19.91684pt x 33.96516pt.
 <BFRecLev3S3.pdf, id=2806, 33.30121pt x 56.79016pt>
File: BFRecLev3S3.pdf Graphic file (type pdf)

<use BFRecLev3S3.pdf>
Package pdftex.def Info: BFRecLev3S3.pdf used on input line 960.
(pdftex.def)             Requested size: 19.91684pt x 33.96516pt.
 <BFRecLev3V3.pdf, id=2807, 56.82108pt x 57.28682pt>
File: BFRecLev3V3.pdf Graphic file (type pdf)

<use BFRecLev3V3.pdf>
Package pdftex.def Info: BFRecLev3V3.pdf used on input line 960.
(pdftex.def)             Requested size: 34.14322pt x 34.42303pt.
 <BFRecLev3D3.pdf, id=2808, 57.84119pt x 57.28693pt>
File: BFRecLev3D3.pdf Graphic file (type pdf)

<use BFRecLev3D3.pdf>
Package pdftex.def Info: BFRecLev3D3.pdf used on input line 960.
(pdftex.def)             Requested size: 34.14322pt x 33.81647pt.
File: BFRecLev1U1.pdf Graphic file (type pdf)
 <use BFRecLev1U1.pdf>
Package pdftex.def Info: BFRecLev1U1.pdf used on input line 973.
(pdftex.def)             Requested size: 29.02193pt x 53.59642pt.

<TelBFRecLev2U2.pdf, id=2812, 57.60075pt x 147.86009pt>
File: TelBFRecLev2U2.pdf Graphic file (type pdf)

<use TelBFRecLev2U2.pdf>
Package pdftex.def Info: TelBFRecLev2U2.pdf used on input line 973.
(pdftex.def)             Requested size: 21.05519pt x 54.04857pt.

<TelBFRecLev3U3.pdf, id=2813, 35.27046pt x 147.86009pt>
File: TelBFRecLev3U3.pdf Graphic file (type pdf)

<use TelBFRecLev3U3.pdf>
Package pdftex.def Info: TelBFRecLev3U3.pdf used on input line 973.
(pdftex.def)             Requested size: 12.80365pt x 53.6763pt.

<TelBFRecLev3S3.pdf, id=2814, 35.27037pt x 147.86009pt>
File: TelBFRecLev3S3.pdf Graphic file (type pdf)

<use TelBFRecLev3S3.pdf>
Package pdftex.def Info: TelBFRecLev3S3.pdf used on input line 973.
(pdftex.def)             Requested size: 12.80365pt x 53.6763pt.

<TelBFRecLev3V3.pdf, id=2815, 58.01665pt x 147.86009pt>
File: TelBFRecLev3V3.pdf Graphic file (type pdf)

<use TelBFRecLev3V3.pdf>
Package pdftex.def Info: TelBFRecLev3V3.pdf used on input line 973.
(pdftex.def)             Requested size: 20.77039pt x 52.93402pt.

<TelBFRecLev3D3.pdf, id=2816, 59.69261pt x 147.86009pt>
File: TelBFRecLev3D3.pdf Graphic file (type pdf)

<use TelBFRecLev3D3.pdf>
Package pdftex.def Info: TelBFRecLev3D3.pdf used on input line 973.
(pdftex.def)             Requested size: 21.33955pt x 52.85732pt.
 <TelBFRecLev2V2.pdf, id=2817, 82.2532pt x 147.8602pt>
File: TelBFRecLev2V2.pdf Graphic file (type pdf)

<use TelBFRecLev2V2.pdf>
Package pdftex.def Info: TelBFRecLev2V2.pdf used on input line 973.
(pdftex.def)             Requested size: 29.59067pt x 53.19127pt.

<TelBFRecLev2D2.pdf, id=2818, 83.62964pt x 147.86009pt>
File: TelBFRecLev2D2.pdf Graphic file (type pdf)

<use TelBFRecLev2D2.pdf>
Package pdftex.def Info: TelBFRecLev2D2.pdf used on input line 973.
(pdftex.def)             Requested size: 29.59067pt x 52.31584pt.

<TelBFRecLev1V1.pdf, id=2819, 145.70134pt x 147.86009pt>
File: TelBFRecLev1V1.pdf Graphic file (type pdf)

<use TelBFRecLev1V1.pdf>
Package pdftex.def Info: TelBFRecLev1V1.pdf used on input line 973.
(pdftex.def)             Requested size: 52.06859pt x 52.83926pt.
File: BFRecLev1D1.pdf Graphic file (type pdf)
 <use BFRecLev1D1.pdf>
Package pdftex.def Info: BFRecLev1D1.pdf used on input line 973.
(pdftex.def)             Requested size: 54.06006pt x 52.39238pt.
File: BFRecLev1U1.pdf Graphic file (type pdf)
 <use BFRecLev1U1.pdf>
Package pdftex.def Info: BFRecLev1U1.pdf used on input line 973.
(pdftex.def)             Requested size: 29.02193pt x 53.59642pt.
File: TelBFRecLev2U2.pdf Graphic file (type pdf)

<use TelBFRecLev2U2.pdf>
Package pdftex.def Info: TelBFRecLev2U2.pdf used on input line 973.
(pdftex.def)             Requested size: 21.05519pt x 54.04857pt.
File: TelBFRecLev3U3.pdf Graphic file (type pdf)
 <use TelBFRecLev3U3.pdf>
Package pdftex.def Info: TelBFRecLev3U3.pdf used on input line 973.
(pdftex.def)             Requested size: 12.80365pt x 53.6763pt.
File: TelBFRecLev3S3.pdf Graphic file (type pdf)
 <use TelBFRecLev3S3.pdf>
Package pdftex.def Info: TelBFRecLev3S3.pdf used on input line 973.
(pdftex.def)             Requested size: 12.80365pt x 53.6763pt.
File: TelBFRecLev3V3.pdf Graphic file (type pdf)

<use TelBFRecLev3V3.pdf>
Package pdftex.def Info: TelBFRecLev3V3.pdf used on input line 973.
(pdftex.def)             Requested size: 20.77039pt x 52.93402pt.
File: TelBFRecLev3D3.pdf Graphic file (type pdf)
 <use TelBFRecLev3D3.pdf>
Package pdftex.def Info: TelBFRecLev3D3.pdf used on input line 973.
(pdftex.def)             Requested size: 21.33955pt x 52.85732pt.
File: TelBFRecLev2V2.pdf Graphic file (type pdf)
 <use TelBFRecLev2V2.pdf>
Package pdftex.def Info: TelBFRecLev2V2.pdf used on input line 973.
(pdftex.def)             Requested size: 29.59067pt x 53.19127pt.
File: TelBFRecLev2D2.pdf Graphic file (type pdf)

<use TelBFRecLev2D2.pdf>
Package pdftex.def Info: TelBFRecLev2D2.pdf used on input line 973.
(pdftex.def)             Requested size: 29.59067pt x 52.31584pt.
File: TelBFRecLev1V1.pdf Graphic file (type pdf)
 <use TelBFRecLev1V1.pdf>
Package pdftex.def Info: TelBFRecLev1V1.pdf used on input line 973.
(pdftex.def)             Requested size: 52.06859pt x 52.83926pt.
File: BFRecLev1D1.pdf Graphic file (type pdf)
 <use BFRecLev1D1.pdf>
Package pdftex.def Info: BFRecLev1D1.pdf used on input line 973.
(pdftex.def)             Requested size: 54.06006pt x 52.39238pt.

[35 <./BFRecLev2S1.pdf> <./BFRecLev2U2.pdf> <./BFRecLev2S2.pdf> <./BFRecLev2V2.
pdf> <./BFRecLev2D2.pdf> <./BFRecLev3Skel2.png (PNG copy)> <./BFRecLev3Skel3.pn
g (PNG copy)> <./BFRecLev3SkelAll.png (PNG copy)> <./BFRecLev3S2.pdf> <./BFRecL
ev3U3.pdf> <./BFRecLev3S3.pdf> <./BFRecLev3V3.pdf> <./BFRecLev3D3.pdf>]
[36 <./TelBFRecLev2U2.pdf> <./TelBFRecLev3U3.pdf> <./TelBFRecLev3S3.pdf> <./Tel
BFRecLev3V3.pdf> <./TelBFRecLev3D3.pdf> <./TelBFRecLev2V2.pdf> <./TelBFRecLev2D
2.pdf> <./TelBFRecLev1V1.pdf>]
<2DGammaTauGammaTauC.pdf, id=2969, 442.65375pt x 214.8025pt>
File: 2DGammaTauGammaTauC.pdf Graphic file (type pdf)

<use 2DGammaTauGammaTauC.pdf>
Package pdftex.def Info: 2DGammaTauGammaTauC.pdf used on input line 1017.
(pdftex.def)             Requested size: 173.44534pt x 84.16594pt.
 [37]
<2DGammaTauNearFarProxy.pdf, id=2979, 442.65375pt x 301.125pt>
File: 2DGammaTauNearFarProxy.pdf Graphic file (type pdf)

<use 2DGammaTauNearFarProxy.pdf>
Package pdftex.def Info: 2DGammaTauNearFarProxy.pdf used on input line 1032.
(pdftex.def)             Requested size: 173.44534pt x 117.98964pt.

<2DGammaTauFarProxy.pdf, id=2981, 442.65375pt x 301.125pt>
File: 2DGammaTauFarProxy.pdf Graphic file (type pdf)

<use 2DGammaTauFarProxy.pdf>
Package pdftex.def Info: 2DGammaTauFarProxy.pdf used on input line 1040.
(pdftex.def)             Requested size: 173.44534pt x 117.98964pt.


LaTeX Warning: `h' float specifier changed to `ht'.

[38 <./2DGammaTauGammaTauC.pdf> <./2DGammaTauNearFarProxy.pdf>]
<2DProxyHorBlockRed.pdf, id=3017, 415.1621pt x 55.55937pt>
File: 2DProxyHorBlockRed.pdf Graphic file (type pdf)

<use 2DProxyHorBlockRed.pdf>
Package pdftex.def Info: 2DProxyHorBlockRed.pdf used on input line 1077.
(pdftex.def)             Requested size: 113.81102pt x 15.23096pt.

<2DProxyHorBlockBlackGrey.pdf, id=3018, 415.16216pt x 55.55937pt>
File: 2DProxyHorBlockBlackGrey.pdf Graphic file (type pdf)

<use 2DProxyHorBlockBlackGrey.pdf>
Package pdftex.def Info: 2DProxyHorBlockBlackGrey.pdf used on input line 1077.
(pdftex.def)             Requested size: 113.81102pt x 15.23096pt.
File: 2DProxyHorBlockRed.pdf Graphic file (type pdf)
 <use 2DProxyHorBlockRed.pdf>
Package pdftex.def Info: 2DProxyHorBlockRed.pdf used on input line 1077.
(pdftex.def)             Requested size: 113.81102pt x 15.23096pt.
File: 2DProxyHorBlockBlackGrey.pdf Graphic file (type pdf)

<use 2DProxyHorBlockBlackGrey.pdf>
Package pdftex.def Info: 2DProxyHorBlockBlackGrey.pdf used on input line 1077.
(pdftex.def)             Requested size: 113.81102pt x 15.23096pt.
 [39 <./2DGammaTauFarProxy.pdf>]
<2DProxyHorReducedBlock.pdf, id=3039, 201.16815pt x 55.55937pt>
File: 2DProxyHorReducedBlock.pdf Graphic file (type pdf)

<use 2DProxyHorReducedBlock.pdf>
Package pdftex.def Info: 2DProxyHorReducedBlock.pdf used on input line 1083.
(pdftex.def)             Requested size: 56.9055pt x 15.71588pt.
File: 2DProxyHorReducedBlock.pdf Graphic file (type pdf)
 <use 2DProxyHorReducedBlock.pdf>
Package pdftex.def Info: 2DProxyHorReducedBlock.pdf used on input line 1083.
(pdftex.def)             Requested size: 56.9055pt x 15.71588pt.

<2DProxyHorBlockTau.pdf, id=3043, 417.00047pt x 408.69237pt>
File: 2DProxyHorBlockTau.pdf Graphic file (type pdf)

<use 2DProxyHorBlockTau.pdf>
Package pdftex.def Info: 2DProxyHorBlockTau.pdf used on input line 1091.
(pdftex.def)             Requested size: 130.08733pt x 127.49777pt.

<2DProxyHorSkelTau.pdf, id=3044, 415.5768pt x 406.84406pt>
File: 2DProxyHorSkelTau.pdf Graphic file (type pdf)

<use 2DProxyHorSkelTau.pdf>
Package pdftex.def Info: 2DProxyHorSkelTau.pdf used on input line 1091.
(pdftex.def)             Requested size: 130.08733pt x 127.35573pt.
File: 2DProxyHorBlockTau.pdf Graphic file (type pdf)
 <use 2DProxyHorBlockTau.pdf>
Package pdftex.def Info: 2DProxyHorBlockTau.pdf used on input line 1091.
(pdftex.def)             Requested size: 130.08733pt x 127.49777pt.
File: 2DProxyHorSkelTau.pdf Graphic file (type pdf)

<use 2DProxyHorSkelTau.pdf>
Package pdftex.def Info: 2DProxyHorSkelTau.pdf used on input line 1091.
(pdftex.def)             Requested size: 130.08733pt x 127.35573pt.

<2DProxyVerBlockBlue.pdf, id=3046, 59.56775pt x 405.71503pt>
File: 2DProxyVerBlockBlue.pdf Graphic file (type pdf)

<use 2DProxyVerBlockBlue.pdf>
Package pdftex.def Info: 2DProxyVerBlockBlue.pdf used on input line 1101.
(pdftex.def)             Requested size: 19.91684pt x 135.65071pt.

<2DProxyVerBlockBlackGrey.pdf, id=3047, 59.56784pt x 405.71506pt>
File: 2DProxyVerBlockBlackGrey.pdf Graphic file (type pdf)

<use 2DProxyVerBlockBlackGrey.pdf>
Package pdftex.def Info: 2DProxyVerBlockBlackGrey.pdf used on input line 1101.
(pdftex.def)             Requested size: 19.91684pt x 135.65073pt.
File: 2DProxyVerBlockBlue.pdf Graphic file (type pdf)
 <use 2DProxyVerBlockBlue.pdf>
Package pdftex.def Info: 2DProxyVerBlockBlue.pdf used on input line 1101.
(pdftex.def)             Requested size: 19.91684pt x 135.65071pt.
File: 2DProxyVerBlockBlackGrey.pdf Graphic file (type pdf)

<use 2DProxyVerBlockBlackGrey.pdf>
Package pdftex.def Info: 2DProxyVerBlockBlackGrey.pdf used on input line 1101.
(pdftex.def)             Requested size: 19.91684pt x 135.65073pt.
 [40 <./2DProxyHorBlockRed.pdf> <./2DProxyHorBlockBlackGrey.pdf> <./2DProxyHorR
educedBlock.pdf> <./2DProxyHorBlockTau.pdf> <./2DProxyHorSkelTau.pdf>]
<2DProxyVerReducedBlock.pdf, id=3166, 59.56784pt x 219.0026pt>
File: 2DProxyVerReducedBlock.pdf Graphic file (type pdf)

<use 2DProxyVerReducedBlock.pdf>
Package pdftex.def Info: 2DProxyVerReducedBlock.pdf used on input line 1108.
(pdftex.def)             Requested size: 19.91684pt x 73.22345pt.
File: 2DProxyVerReducedBlock.pdf Graphic file (type pdf)
 <use 2DProxyVerReducedBlock.pdf>
Package pdftex.def Info: 2DProxyVerReducedBlock.pdf used on input line 1108.
(pdftex.def)             Requested size: 19.91684pt x 73.22345pt.

<2DProxyVerBlockTau.pdf, id=3170, 416.13748pt x 405.07776pt>
File: 2DProxyVerBlockTau.pdf Graphic file (type pdf)

<use 2DProxyVerBlockTau.pdf>
Package pdftex.def Info: 2DProxyVerBlockTau.pdf used on input line 1116.
(pdftex.def)             Requested size: 130.08733pt x 126.62975pt.

<2DProxyVerSkelTau.pdf, id=3171, 416.23003pt x 404.85332pt>
File: 2DProxyVerSkelTau.pdf Graphic file (type pdf)

<use 2DProxyVerSkelTau.pdf>
Package pdftex.def Info: 2DProxyVerSkelTau.pdf used on input line 1116.
(pdftex.def)             Requested size: 130.08733pt x 126.5287pt.
File: 2DProxyVerBlockTau.pdf Graphic file (type pdf)
 <use 2DProxyVerBlockTau.pdf>
Package pdftex.def Info: 2DProxyVerBlockTau.pdf used on input line 1116.
(pdftex.def)             Requested size: 130.08733pt x 126.62975pt.
File: 2DProxyVerSkelTau.pdf Graphic file (type pdf)

<use 2DProxyVerSkelTau.pdf>
Package pdftex.def Info: 2DProxyVerSkelTau.pdf used on input line 1116.
(pdftex.def)             Requested size: 130.08733pt x 126.5287pt.
 [41 <./2DProxyVerBlockBlue.pdf> <./2DProxyVerBlockBlackGrey.pdf> <./2DProxyVer
ReducedBlock.pdf> <./2DProxyVerBlockTau.pdf> <./2DProxyVerSkelTau.pdf>] [42] [4
3]
<ProxyCircleSphere.pdf, id=3376, 365.39651pt x 380.057pt>
File: ProxyCircleSphere.pdf Graphic file (type pdf)

<use ProxyCircleSphere.pdf>
Package pdftex.def Info: ProxyCircleSphere.pdf used on input line 1194.
(pdftex.def)             Requested size: 173.44534pt x 180.40137pt.
 [44 <./ProxyCircleSphere.pdf>]
LaTeX Font Info:    Font shape `OMS/lmr/m/n' in size <10.95> not available
(Font)              Font shape `OMS/lmsy/m/n' tried instead on input line 1217.


<Case1ProxyEx1.png, id=3416, 386.19281pt x 279.54437pt>
File: Case1ProxyEx1.png Graphic file (type png)

<use Case1ProxyEx1.png>
Package pdftex.def Info: Case1ProxyEx1.png used on input line 1223.
(pdftex.def)             Requested size: 173.44534pt x 125.54639pt.

<Case1ProxyEx2.png, id=3417, 386.19281pt x 279.54437pt>
File: Case1ProxyEx2.png Graphic file (type png)

<use Case1ProxyEx2.png>
Package pdftex.def Info: Case1ProxyEx2.png used on input line 1228.
(pdftex.def)             Requested size: 173.44534pt x 125.54639pt.
 [45 <./Case1ProxyEx1.png (PNG copy)> <./Case1ProxyEx2.png (PNG copy)>] <Case2P
roxyEx.png, id=3423, 386.19281pt x 279.54437pt>
File: Case2ProxyEx.png Graphic file (type png)

<use Case2ProxyEx.png>
Package pdftex.def Info: Case2ProxyEx.png used on input line 1242.
(pdftex.def)             Requested size: 173.44534pt x 125.54639pt.
 [46 <./Case2ProxyEx.png (PNG copy)>]
<ProxyRecLev1Block8.png, id=3440, 370.88562pt x 253.69781pt>
File: ProxyRecLev1Block8.png Graphic file (type png)

<use ProxyRecLev1Block8.png>
Package pdftex.def Info: ProxyRecLev1Block8.png used on input line 1304.
(pdftex.def)             Requested size: 173.44534pt x 118.64183pt.
 [47 <./ProxyRecLev1Block8.png (PNG copy)>]
<ProxyRecLev1SkelAll.png, id=3447, 237.88875pt x 238.1397pt>
File: ProxyRecLev1SkelAll.png Graphic file (type png)

<use ProxyRecLev1SkelAll.png>
Package pdftex.def Info: ProxyRecLev1SkelAll.png used on input line 1318.
(pdftex.def)             Requested size: 130.08733pt x 130.22868pt.
 [48 <./ProxyRecLev1SkelAll.png (PNG copy)>]
<ProxyRecLev2Block4.png, id=3459, 370.88562pt x 253.69781pt>
File: ProxyRecLev2Block4.png Graphic file (type png)

<use ProxyRecLev2Block4.png>
Package pdftex.def Info: ProxyRecLev2Block4.png used on input line 1369.
(pdftex.def)             Requested size: 173.44534pt x 118.64183pt.

<ProxyRecLev2SkelAll.png, id=3461, 237.88875pt x 238.1397pt>
File: ProxyRecLev2SkelAll.png Graphic file (type png)

<use ProxyRecLev2SkelAll.png>
Package pdftex.def Info: ProxyRecLev2SkelAll.png used on input line 1382.
(pdftex.def)             Requested size: 130.08733pt x 130.22868pt.


LaTeX Warning: `h' float specifier changed to `ht'.

[49 <./ProxyRecLev2Block4.png (PNG copy)>]
<ProxyRecLev3Block2.png, id=3469, 370.88562pt x 254.9525pt>
File: ProxyRecLev3Block2.png Graphic file (type png)

<use ProxyRecLev3Block2.png>
Package pdftex.def Info: ProxyRecLev3Block2.png used on input line 1403.
(pdftex.def)             Requested size: 173.44534pt x 119.22858pt.

<ProxyRecLev3SkelAll.png, id=3472, 237.88875pt x 238.1397pt>
File: ProxyRecLev3SkelAll.png Graphic file (type png)

<use ProxyRecLev3SkelAll.png>
Package pdftex.def Info: ProxyRecLev3SkelAll.png used on input line 1421.
(pdftex.def)             Requested size: 130.08733pt x 130.22868pt.
 [50 <./ProxyRecLev2SkelAll.png (PNG copy)> <./ProxyRecLev3Block2.png (PNG copy
)>] [51 <./ProxyRecLev3SkelAll.png (PNG copy)>]
[52]
Chapter 4.
[53

] <Ex4-1Domains.png, id=3506, 423.08063pt x 312.91907pt>
File: Ex4-1Domains.png Graphic file (type png)

<use Ex4-1Domains.png>
Package pdftex.def Info: Ex4-1Domains.png used on input line 1524.
(pdftex.def)             Requested size: 173.44534pt x 128.28331pt.
 [54 <./Ex4-1Domains.png (PNG copy)>] [55]
<Ex4-1Error.pdf, id=3532, 507.8975pt x 404.51125pt>
File: Ex4-1Error.pdf Graphic file (type pdf)
 <use Ex4-1Error.pdf>
Package pdftex.def Info: Ex4-1Error.pdf used on input line 1561.
(pdftex.def)             Requested size: 260.17465pt x 207.21768pt.

<Ex4-1TimeBruteComp.pdf, id=3535, 504.88625pt x 404.51125pt>
File: Ex4-1TimeBruteComp.pdf Graphic file (type pdf)

<use Ex4-1TimeBruteComp.pdf>
Package pdftex.def Info: Ex4-1TimeBruteComp.pdf used on input line 1569.
(pdftex.def)             Requested size: 216.81pt x 173.70807pt.

<Ex4-1TimeProxyComp.pdf, id=3536, 497.86pt x 404.51125pt>
File: Ex4-1TimeProxyComp.pdf Graphic file (type pdf)

<use Ex4-1TimeProxyComp.pdf>
Package pdftex.def Info: Ex4-1TimeProxyComp.pdf used on input line 1574.
(pdftex.def)             Requested size: 216.81pt x 176.15848pt.

<Ex4-1TimeBruteProxyLU.pdf, id=3537, 497.86pt x 404.51125pt>
File: Ex4-1TimeBruteProxyLU.pdf Graphic file (type pdf)

<use Ex4-1TimeBruteProxyLU.pdf>
Package pdftex.def Info: Ex4-1TimeBruteProxyLU.pdf used on input line 1579.
(pdftex.def)             Requested size: 216.81pt x 176.15848pt.

<Ex4-1TimeBruteProxySolve.pdf, id=3538, 497.86pt x 405.515pt>
File: Ex4-1TimeBruteProxySolve.pdf Graphic file (type pdf)

<use Ex4-1TimeBruteProxySolve.pdf>
Package pdftex.def Info: Ex4-1TimeBruteProxySolve.pdf used on input line 1584.
(pdftex.def)             Requested size: 216.81pt x 176.5956pt.

Overfull \hbox (2.43332pt too wide) in paragraph at lines 1568--1588
[]$[]$ $[]$
 []


Overfull \hbox (2.43332pt too wide) in paragraph at lines 1568--1588
[]$ $[]$ 
 []


LaTeX Warning: `!h' float specifier changed to `!ht'.

[56 <./Ex4-1Error.pdf>] [57 <./Ex4-1TimeBruteComp.pdf> <./Ex4-1TimeProxyComp.pd
f> <./Ex4-1TimeBruteProxyLU.pdf> <./Ex4-1TimeBruteProxySolve.pdf>]

LaTeX Warning: `h' float specifier changed to `ht'.

[58] <Ex4-2Gamma1and4.png, id=3621, 335.00156pt x 204.51407pt>
File: Ex4-2Gamma1and4.png Graphic file (type png)

<use Ex4-2Gamma1and4.png>
Package pdftex.def Info: Ex4-2Gamma1and4.png used on input line 1664.
(pdftex.def)             Requested size: 195.12767pt x 119.12065pt.

<Ex4-2Gamma2and3.png, id=3622, 335.00156pt x 204.51407pt>
File: Ex4-2Gamma2and3.png Graphic file (type png)

<use Ex4-2Gamma2and3.png>
Package pdftex.def Info: Ex4-2Gamma2and3.png used on input line 1668.
(pdftex.def)             Requested size: 195.12767pt x 119.12065pt.
 [59] [60 <./Ex4-2Gamma1and4.png (PNG copy)> <./Ex4-2Gamma2and3.png (PNG copy)>
] [61]
<SpaceFillingDomain1.pdf, id=3643, 611.00836pt x 408.84518pt>
File: SpaceFillingDomain1.pdf Graphic file (type pdf)

<use SpaceFillingDomain1.pdf>
Package pdftex.def Info: SpaceFillingDomain1.pdf used on input line 1729.
(pdftex.def)             Requested size: 130.08733pt x 87.04532pt.

<SpaceFillingDomain2.pdf, id=3644, 389.45941pt x 378.42194pt>
File: SpaceFillingDomain2.pdf Graphic file (type pdf)

<use SpaceFillingDomain2.pdf>
Package pdftex.def Info: SpaceFillingDomain2.pdf used on input line 1732.
(pdftex.def)             Requested size: 86.72267pt x 84.26357pt.
 [62 <./SpaceFillingDomain1.pdf> <./SpaceFillingDomain2.pdf>]
Chapter 5.
[63

] [64] [65] [66]
LaTeX Font Info:    External font `lmex10' loaded for size
(Font)              <12> on input line 1851.
 [67] [68] [69] [70] [71] [72] [73]
Overfull \hbox (2.00278pt too wide) in paragraph at lines 2096--2096
[] 
 []

[74] [75] [76]
Chapter 6.
[77

] [78] <Ex6-1CapError.pdf, id=3898, 509.905pt x 399.4925pt>
File: Ex6-1CapError.pdf Graphic file (type pdf)

<use Ex6-1CapError.pdf>
Package pdftex.def Info: Ex6-1CapError.pdf used on input line 2198.
(pdftex.def)             Requested size: 216.81pt x 169.86435pt.
 [79 <./Ex6-1CapError.pdf>]
<Ex6-1CapStreamFn.png, id=3930, 223.83624pt x 224.84pt>
File: Ex6-1CapStreamFn.png Graphic file (type png)

<use Ex6-1CapStreamFn.png>
Package pdftex.def Info: Ex6-1CapStreamFn.png used on input line 2216.
(pdftex.def)             Requested size: 151.76964pt x 152.45346pt.

<Ex6-1CapStreamFnStereo.pdf, id=3932, 380.42125pt x 378.41376pt>
File: Ex6-1CapStreamFnStereo.pdf Graphic file (type pdf)

<use Ex6-1CapStreamFnStereo.pdf>
Package pdftex.def Info: Ex6-1CapStreamFnStereo.pdf used on input line 2221.
(pdftex.def)             Requested size: 151.76964pt x 150.97017pt.

<Ex6-1CapSingPart.png, id=3933, 215.80624pt x 217.31187pt>
File: Ex6-1CapSingPart.png Graphic file (type png)

<use Ex6-1CapSingPart.png>
Package pdftex.def Info: Ex6-1CapSingPart.png used on input line 2226.
(pdftex.def)             Requested size: 151.76964pt x 152.8335pt.

Underfull \hbox (badness 1082) in paragraph at lines 2227--2227
\T1/lmr/m/n/10 to the purely ro-ta-tional mo-tion
 []

<Ex6-1CapRegPart.png, id=3934, 215.80624pt x 217.31187pt>
File: Ex6-1CapRegPart.png Graphic file (type png)

<use Ex6-1CapRegPart.png>
Package pdftex.def Info: Ex6-1CapRegPart.png used on input line 2231.
(pdftex.def)             Requested size: 151.76964pt x 152.8335pt.


LaTeX Warning: `h' float specifier changed to `ht'.

<Ex6-2StarStreamFn.png, id=3936, 223.6355pt x 223.6355pt>
File: Ex6-2StarStreamFn.png Graphic file (type png)

<use Ex6-2StarStreamFn.png>
Package pdftex.def Info: Ex6-2StarStreamFn.png used on input line 2247.
(pdftex.def)             Requested size: 151.76964pt x 151.77324pt.

<Ex6-2StarStreamFnStereo.pdf, id=3937, 393.47pt x 395.4775pt>
File: Ex6-2StarStreamFnStereo.pdf Graphic file (type pdf)

<use Ex6-2StarStreamFnStereo.pdf>
Package pdftex.def Info: Ex6-2StarStreamFnStereo.pdf used on input line 2251.
(pdftex.def)             Requested size: 173.44534pt x 174.32443pt.


LaTeX Warning: `h' float specifier changed to `ht'.

[80] [81 <./Ex6-1CapStreamFn.png> <./Ex6-1CapStreamFnStereo.pdf> <./Ex6-1CapSin
gPart.png> <./Ex6-1CapRegPart.png>] [82 <./Ex6-2StarStreamFn.png> <./Ex6-2StarS
treamFnStereo.pdf>]

Package hyperref Warning: Token not allowed in a PDF string (PDFDocEncoding):
(hyperref)                removing `math shift' on input line 2264.


Package hyperref Warning: Token not allowed in a PDF string (PDFDocEncoding):
(hyperref)                removing `subscript' on input line 2264.


Package hyperref Warning: Token not allowed in a PDF string (PDFDocEncoding):
(hyperref)                removing `math shift' on input line 2264.

<Ex6-3CapPsiHat.png, id=3979, 223.16708pt x 224.50542pt>
File: Ex6-3CapPsiHat.png Graphic file (type png)

<use Ex6-3CapPsiHat.png>
Package pdftex.def Info: Ex6-3CapPsiHat.png used on input line 2285.
(pdftex.def)             Requested size: 151.76964pt x 152.68564pt.

<Ex6-3CapPsiHatStereo.pdf, id=3980, 440.64626pt x 386.44376pt>
File: Ex6-3CapPsiHatStereo.pdf Graphic file (type pdf)

<use Ex6-3CapPsiHatStereo.pdf>
Package pdftex.def Info: Ex6-3CapPsiHatStereo.pdf used on input line 2289.
(pdftex.def)             Requested size: 173.44534pt x 152.10995pt.


LaTeX Warning: `h' float specifier changed to `ht'.

[83

] <Ex6-4FMMVsDirect.pdf, id=3994, 497.86pt x 402.50375pt>
File: Ex6-4FMMVsDirect.pdf Graphic file (type pdf)

<use Ex6-4FMMVsDirect.pdf>
Package pdftex.def Info: Ex6-4FMMVsDirect.pdf used on input line 2307.
(pdftex.def)             Requested size: 216.81pt x 175.28424pt.
 [84 <./Ex6-3CapPsiHat.png (PNG copy)> <./Ex6-3CapPsiHatStereo.pdf>] <Ex6-5Star
PsiHat.png, id=4012, 223.50166pt x 223.16708pt>
File: Ex6-5StarPsiHat.png Graphic file (type png)

<use Ex6-5StarPsiHat.png>
Package pdftex.def Info: Ex6-5StarPsiHat.png used on input line 2321.
(pdftex.def)             Requested size: 151.76964pt x 151.54048pt.

<Ex6-5StarPsiHatStereo.pdf, id=4013, 443.6575pt x 390.45876pt>
File: Ex6-5StarPsiHatStereo.pdf Graphic file (type pdf)

<use Ex6-5StarPsiHatStereo.pdf>
Package pdftex.def Info: Ex6-5StarPsiHatStereo.pdf used on input line 2325.
(pdftex.def)             Requested size: 173.44534pt x 152.64172pt.


LaTeX Warning: `h' float specifier changed to `ht'.

[85 <./Ex6-4FMMVsDirect.pdf>]
<Ex6-6CapSDCStereo.pdf, id=4031, 384.43625pt x 386.44376pt>
File: Ex6-6CapSDCStereo.pdf Graphic file (type pdf)

<use Ex6-6CapSDCStereo.pdf>
Package pdftex.def Info: Ex6-6CapSDCStereo.pdf used on input line 2349.
(pdftex.def)             Requested size: 203.80193pt x 204.87317pt.

<Ex6-6CapSDC.png, id=4032, 562.43459pt x 562.76917pt>
File: Ex6-6CapSDC.png Graphic file (type png)
 <use Ex6-6CapSDC.png>
Package pdftex.def Info: Ex6-6CapSDC.png used on input line 2354.
(pdftex.def)             Requested size: 190.79385pt x 190.90962pt.


LaTeX Warning: `h' float specifier changed to `ht'.

[86 <./Ex6-5StarPsiHat.png (PNG copy)> <./Ex6-5StarPsiHatStereo.pdf>]
<Ex6-6CapSDCConvergenceVaryMfixJ.pdf, id=4050, 507.8975pt x 404.51125pt>
File: Ex6-6CapSDCConvergenceVaryMfixJ.pdf Graphic file (type pdf)

<use Ex6-6CapSDCConvergenceVaryMfixJ.pdf>
Package pdftex.def Info: Ex6-6CapSDCConvergenceVaryMfixJ.pdf used on input line
 2367.
(pdftex.def)             Requested size: 203.80193pt x 162.31393pt.

<Ex6-6CapSDCConvergenceVaryJfixM.pdf, id=4051, 501.875pt x 403.5075pt>
File: Ex6-6CapSDCConvergenceVaryJfixM.pdf Graphic file (type pdf)

<use Ex6-6CapSDCConvergenceVaryJfixM.pdf>
Package pdftex.def Info: Ex6-6CapSDCConvergenceVaryJfixM.pdf used on input line
 2371.
(pdftex.def)             Requested size: 203.80193pt x 163.85678pt.


LaTeX Warning: `h' float specifier changed to `ht'.

<Ex6-6CapSDCTime.pdf, id=4054, 494.84875pt x 385.44pt>
File: Ex6-6CapSDCTime.pdf Graphic file (type pdf)

<use Ex6-6CapSDCTime.pdf>
Package pdftex.def Info: Ex6-6CapSDCTime.pdf used on input line 2382.
(pdftex.def)             Requested size: 216.81pt x 168.87071pt.
 [87 <./Ex6-6CapSDCStereo.pdf> <./Ex6-6CapSDC.png (PNG copy)>]

LaTeX Warning: `h' float specifier changed to `ht'.

<Ex6-7StarSDCStereo.pdf, id=4070, 387.4475pt x 390.45876pt>
File: Ex6-7StarSDCStereo.pdf Graphic file (type pdf)

<use Ex6-7StarSDCStereo.pdf>
Package pdftex.def Info: Ex6-7StarSDCStereo.pdf used on input line 2395.
(pdftex.def)             Requested size: 195.12767pt x 196.64687pt.

<Ex6-7StarSDC.png, id=4071, 547.71292pt x 547.71292pt>
File: Ex6-7StarSDC.png Graphic file (type png)
 <use Ex6-7StarSDC.png>
Package pdftex.def Info: Ex6-7StarSDC.png used on input line 2399.
(pdftex.def)             Requested size: 173.44534pt x 173.44144pt.


LaTeX Warning: `h' float specifier changed to `ht'.

[88 <./Ex6-6CapSDCConvergenceVaryMfixJ.pdf> <./Ex6-6CapSDCConvergenceVaryJfixM.
pdf>] [89 <./Ex6-6CapSDCTime.pdf> <./Ex6-7StarSDCStereo.pdf> <./Ex6-7StarSDC.pn
g (PNG copy)>] [90

]
<Ex6-8LongIslandSideView.png, id=4148, 522.28458pt x 522.28458pt>
File: Ex6-8LongIslandSideView.png Graphic file (type png)

<use Ex6-8LongIslandSideView.png>
Package pdftex.def Info: Ex6-8LongIslandSideView.png used on input line 2450.
(pdftex.def)             Requested size: 130.08733pt x 130.08469pt.

<Ex6-8LongIslandBottomView.png, id=4149, 522.95375pt x 520.94624pt>
File: Ex6-8LongIslandBottomView.png Graphic file (type png)

<use Ex6-8LongIslandBottomView.png>
Package pdftex.def Info: Ex6-8LongIslandBottomView.png used on input line 2453.

(pdftex.def)             Requested size: 130.08733pt x 129.58443pt.

<Ex6-8LongIslandFrontView.png, id=4150, 522.95375pt x 522.61917pt>
File: Ex6-8LongIslandFrontView.png Graphic file (type png)

<use Ex6-8LongIslandFrontView.png>
Package pdftex.def Info: Ex6-8LongIslandFrontView.png used on input line 2456.
(pdftex.def)             Requested size: 130.08733pt x 130.00055pt.


LaTeX Warning: `h' float specifier changed to `ht'.

<Ex6-8LongIslandStereo.pdf, id=4151, 383.4325pt x 384.43625pt>
File: Ex6-8LongIslandStereo.pdf Graphic file (type pdf)

<use Ex6-8LongIslandStereo.pdf>
Package pdftex.def Info: Ex6-8LongIslandStereo.pdf used on input line 2465.
(pdftex.def)             Requested size: 173.44534pt x 173.89807pt.

<Ex6-8LongIslandZoom.pdf, id=4152, 396.48125pt x 385.44pt>
File: Ex6-8LongIslandZoom.pdf Graphic file (type pdf)

<use Ex6-8LongIslandZoom.pdf>
Package pdftex.def Info: Ex6-8LongIslandZoom.pdf used on input line 2469.
(pdftex.def)             Requested size: 173.44534pt x 168.61781pt.


LaTeX Warning: `h' float specifier changed to `ht'.

[91] [92 <./Ex6-8LongIslandSideView.png (PNG copy)> <./Ex6-8LongIslandBottomVie
w.png (PNG copy)> <./Ex6-8LongIslandFrontView.png (PNG copy)> <./Ex6-8LongIslan
dStereo.pdf> <./Ex6-8LongIslandZoom.pdf>]
Chapter 7.
[93

] [94]
Overfull \hbox (1.82832pt too wide) in paragraph at lines 2547--2547
[] 
 []

[95] <Ex7-1TwoStarsSolnLapBelt.png, id=4228, 273.02pt x 272.68541pt>
File: Ex7-1TwoStarsSolnLapBelt.png Graphic file (type png)

<use Ex7-1TwoStarsSolnLapBelt.png>
Package pdftex.def Info: Ex7-1TwoStarsSolnLapBelt.png used on input line 2581.
(pdftex.def)             Requested size: 156.10272pt x 155.91078pt.

<Ex7-1TwoStarsError.pdf, id=4229, 509.905pt x 399.4925pt>
File: Ex7-1TwoStarsError.pdf Graphic file (type pdf)

<use Ex7-1TwoStarsError.pdf>
Package pdftex.def Info: Ex7-1TwoStarsError.pdf used on input line 2586.
(pdftex.def)             Requested size: 195.12767pt x 152.87547pt.

<Ex7-1TwoStarsTime.pdf, id=4230, 1052.93375pt x 404.51125pt>
File: Ex7-1TwoStarsTime.pdf Graphic file (type pdf)

<use Ex7-1TwoStarsTime.pdf>
Package pdftex.def Info: Ex7-1TwoStarsTime.pdf used on input line 2593.
(pdftex.def)             Requested size: 433.62001pt x 166.58519pt.


LaTeX Warning: `h' float specifier changed to `ht'.

<Ex7-2TwoStarsStreamFn.png, id=4237, 208.78pt x 208.44542pt>
File: Ex7-2TwoStarsStreamFn.png Graphic file (type png)

<use Ex7-2TwoStarsStreamFn.png>
Package pdftex.def Info: Ex7-2TwoStarsStreamFn.png used on input line 2616.
(pdftex.def)             Requested size: 173.44534pt x 173.1782pt.

<Ex7-2TwoStarsStreamFnStereo.pdf, id=4238, 388.45125pt x 388.45125pt>
File: Ex7-2TwoStarsStreamFnStereo.pdf Graphic file (type pdf)

<use Ex7-2TwoStarsStreamFnStereo.pdf>
Package pdftex.def Info: Ex7-2TwoStarsStreamFnStereo.pdf used on input line 262
1.
(pdftex.def)             Requested size: 173.44534pt x 173.45001pt.


LaTeX Warning: `h' float specifier changed to `ht'.

[96] [97 <./Ex7-1TwoStarsSolnLapBelt.png (PNG copy)> <./Ex7-1TwoStarsError.pdf>
 <./Ex7-1TwoStarsTime.pdf>] [98 <./Ex7-2TwoStarsStreamFn.png (PNG copy)> <./Ex7
-2TwoStarsStreamFnStereo.pdf>]
Chapter 8.
[99

] [100] [101] (./Thesis_NIwanski.bbl [102


] [103] [104])
Package atveryend Info: Empty hook `BeforeClearDocument' on input line 2681.
 [105]
Package atveryend Info: Empty hook `AfterLastShipout' on input line 2681.

(./Thesis_NIwanski.aux)
Package atveryend Info: Executing hook `AtVeryEndDocument' on input line 2681.
Package atveryend Info: Executing hook `AtEndAfterFileList' on input line 2681.

Package rerunfilecheck Info: File `Thesis_NIwanski.out' has not changed.
(rerunfilecheck)             Checksum: 892E8E866F4F6127A9EA680DCC232B24;3096.
 ) 
Here is how much of TeX's memory you used:
 12054 strings out of 493315
 186379 string characters out of 6137904
 408735 words of memory out of 5000000
 14780 multiletter control sequences out of 15000+600000
 107691 words of font info for 95 fonts, out of 8000000 for 9000
 957 hyphenation exceptions out of 8191
 44i,23n,41p,1666b,576s stack positions out of 5000i,500n,10000p,200000b,80000s
{/usr/local/texlive/2013/texmf-dist/fonts/enc/dvips/lm/lm-mathit.enc}{/usr/lo
cal/texlive/2013/texmf-dist/fonts/enc/dvips/lm/lm-mathsy.enc}{/usr/local/texliv
e/2013/texmf-dist/fonts/enc/dvips/lm/lm-rm.enc}{/usr/local/texlive/2013/texmf-d
ist/fonts/enc/dvips/lm/lm-ec.enc}{/usr/local/texlive/2013/texmf-dist/fonts/enc/
dvips/lm/lm-mathex.enc}</usr/local/texlive/2013/texmf-dist/fonts/type1/public/l
m/lmbsy10.pfb></usr/local/texlive/2013/texmf-dist/fonts/type1/public/lm/lmbx10.
pfb></usr/local/texlive/2013/texmf-dist/fonts/type1/public/lm/lmbx12.pfb></usr/
local/texlive/2013/texmf-dist/fonts/type1/public/lm/lmbx6.pfb></usr/local/texli
ve/2013/texmf-dist/fonts/type1/public/lm/lmbx8.pfb></usr/local/texlive/2013/tex
mf-dist/fonts/type1/public/lm/lmex10.pfb></usr/local/texlive/2013/texmf-dist/fo
nts/type1/public/lm/lmmi10.pfb></usr/local/texlive/2013/texmf-dist/fonts/type1/
public/lm/lmmi12.pfb></usr/local/texlive/2013/texmf-dist/fonts/type1/public/lm/
lmmi6.pfb></usr/local/texlive/2013/texmf-dist/fonts/type1/public/lm/lmmi7.pfb><
/usr/local/texlive/2013/texmf-dist/fonts/type1/public/lm/lmmi8.pfb></usr/local/
texlive/2013/texmf-dist/fonts/type1/public/lm/lmmib10.pfb></usr/local/texlive/2
013/texmf-dist/fonts/type1/public/lm/lmr10.pfb></usr/local/texlive/2013/texmf-d
ist/fonts/type1/public/lm/lmr12.pfb></usr/local/texlive/2013/texmf-dist/fonts/t
ype1/public/lm/lmr6.pfb></usr/local/texlive/2013/texmf-dist/fonts/type1/public/
lm/lmr7.pfb></usr/local/texlive/2013/texmf-dist/fonts/type1/public/lm/lmr8.pfb>
</usr/local/texlive/2013/texmf-dist/fonts/type1/public/lm/lmri10.pfb></usr/loca
l/texlive/2013/texmf-dist/fonts/type1/public/lm/lmsy10.pfb></usr/local/texlive/
2013/texmf-dist/fonts/type1/public/lm/lmsy6.pfb></usr/local/texlive/2013/texmf-
dist/fonts/type1/public/lm/lmsy7.pfb></usr/local/texlive/2013/texmf-dist/fonts/
type1/public/lm/lmsy8.pfb></usr/local/texlive/2013/texmf-dist/fonts/type1/publi
c/amsfonts/symbols/msbm10.pfb>
Output written on Thesis_NIwanski.pdf (116 pages, 8774924 bytes).
PDF statistics:
 4487 PDF objects out of 5155 (max. 8388607)
 3413 compressed objects within 35 object streams
 381 named destinations out of 1000 (max. 500000)
 957 words of extra memory for PDF output out of 10000 (max. 10000000)

